Log file open, 06/14/22 16:56:35
LogWindows: Failed to load 'aqProf.dll' (GetLastError=126)
LogWindows: File 'aqProf.dll' does not exist
LogWindows: Failed to load 'VtuneApi.dll' (GetLastError=126)
LogWindows: File 'VtuneApi.dll' does not exist
LogWindows: Failed to load 'VtuneApi32e.dll' (GetLastError=126)
LogWindows: File 'VtuneApi32e.dll' does not exist
LogConsoleResponse: Display: Failed to find resolution value strings in scalability ini. Falling back to default.
LogConsoleResponse: Display: Failed to find resolution value strings in scalability ini. Falling back to default.
LogInit: Display: Running engine for game: SurvivalHorror
LogPlatformFile: Not using cached read wrapper
LogTaskGraph: Started task graph with 5 named threads and 23 total threads with 3 sets of task threads.
LogStats: Stats thread started at 0.363440
LogICUInternationalization: ICU TimeZone Detection - Raw Offset: +6:00, Platform Override: ''
LogInit: Display: Loading text-based GConfig....
LogPluginManager: Mounting plugin MegascansPlugin
LogPluginManager: Mounting plugin MeshPainting
LogPluginManager: Mounting plugin MissionObjectives
LogPluginManager: Mounting plugin XGEController
LogPluginManager: Mounting plugin AISupport
LogPluginManager: Mounting plugin Paper2D
LogPluginManager: Mounting plugin EnvironmentQueryEditor
LogPluginManager: Mounting plugin LightPropagationVolume
LogPluginManager: Mounting plugin LiveLink
LogPluginManager: Mounting plugin OodleData
LogPluginManager: Mounting plugin OodleNetwork
LogPluginManager: Mounting plugin GameplayCameras
LogPluginManager: Mounting plugin AnimationSharing
LogPluginManager: Mounting plugin CameraShakePreviewer
LogPluginManager: Mounting plugin CLionSourceCodeAccess
LogPluginManager: Mounting plugin CodeLiteSourceCodeAccess
LogPluginManager: Mounting plugin KDevelopSourceCodeAccess
LogPluginManager: Mounting plugin GitSourceControl
LogPluginManager: Mounting plugin NullSourceCodeAccess
LogPluginManager: Mounting plugin AssetManagerEditor
LogPluginManager: Mounting plugin PerforceSourceControl
LogPluginManager: Mounting plugin PixWinPlugin
LogPluginManager: Mounting plugin PlasticSourceControl
LogPluginManager: Mounting plugin PluginUtils
LogPluginManager: Mounting plugin PropertyAccessNode
LogPluginManager: Mounting plugin RiderSourceCodeAccess
LogPluginManager: Mounting plugin TextureFormatOodle
LogPluginManager: Mounting plugin UObjectPlugin
LogPluginManager: Mounting plugin SubversionSourceControl
LogPluginManager: Mounting plugin VisualStudioCodeSourceCodeAccess
LogPluginManager: Mounting plugin VisualStudioSourceCodeAccess
LogPluginManager: Mounting plugin XCodeSourceCodeAccess
LogPluginManager: Mounting plugin CryptoKeys
LogPluginManager: Mounting plugin CurveEditorTools
LogPluginManager: Mounting plugin FacialAnimation
LogPluginManager: Mounting plugin GameplayTagsEditor
LogPluginManager: Mounting plugin DataValidation
LogPluginManager: Mounting plugin MacGraphicsSwitching
LogPluginManager: Mounting plugin MobileLauncherProfileWizard
LogPluginManager: Mounting plugin EditorScriptingUtilities
LogPluginManager: Mounting plugin MaterialAnalyzer
LogPluginManager: Mounting plugin PluginBrowser
LogPluginManager: Mounting plugin GeometryMode
LogPluginManager: Mounting plugin Niagara
LogPluginManager: Mounting plugin AlembicImporter
LogPluginManager: Mounting plugin SpeedTreeImporter
LogPluginManager: Mounting plugin AutomationUtils
LogPluginManager: Mounting plugin ChaosCloth
LogPluginManager: Mounting plugin ChaosEditor
LogPluginManager: Mounting plugin ChaosClothEditor
LogPluginManager: Mounting plugin BackChannel
LogPluginManager: Mounting plugin ChaosNiagara
LogPluginManager: Mounting plugin ChaosSolverPlugin
LogPluginManager: Mounting plugin CharacterAI
LogPluginManager: Mounting plugin GeometryCache
LogPluginManager: Mounting plugin GeometryCollectionPlugin
LogPluginManager: Mounting plugin DatasmithContent
LogPluginManager: Mounting plugin GeometryProcessing
LogPluginManager: Mounting plugin RestartEditor
LogPluginManager: Mounting plugin VariantManagerContent
LogPluginManager: Mounting plugin LuminPlatformFeatures
LogPluginManager: Mounting plugin MagicLeap
LogPluginManager: Mounting plugin MotoSynth
LogPluginManager: Mounting plugin OpenImageDenoise
LogPluginManager: Mounting plugin PlanarCut
LogPluginManager: Mounting plugin PlatformCrypto
LogPluginManager: Mounting plugin ProxyLODPlugin
LogPluginManager: Mounting plugin MagicLeapLightEstimation
LogPluginManager: Mounting plugin MagicLeapMedia
LogPluginManager: Mounting plugin PythonScriptPlugin
LogPluginManager: Mounting plugin MagicLeapPassableWorld
LogPluginManager: Mounting plugin SkeletalReduction
LogPluginManager: Mounting plugin MLSDK
LogPluginManager: Mounting plugin AndroidMedia
LogPluginManager: Mounting plugin AvfMedia
LogPluginManager: Mounting plugin ImgMedia
LogPluginManager: Mounting plugin MediaCompositing
LogPluginManager: Mounting plugin MediaPlayerEditor
LogPluginManager: Mounting plugin WebMMedia
LogPluginManager: Mounting plugin WmfMedia
LogPluginManager: Mounting plugin TcpMessaging
LogPluginManager: Mounting plugin UdpMessaging
LogPluginManager: Mounting plugin OnlineSubsystem
LogPluginManager: Mounting plugin OnlineSubsystemNull
LogPluginManager: Mounting plugin ActorSequence
LogPluginManager: Mounting plugin LevelSequenceEditor
LogPluginManager: Mounting plugin OnlineSubsystemUtils
LogPluginManager: Mounting plugin MatineeToLevelSequence
LogPluginManager: Mounting plugin TemplateSequence
LogPluginManager: Mounting plugin LauncherChunkInstaller
LogPluginManager: Mounting plugin ActorLayerUtilities
LogPluginManager: Mounting plugin AndroidMoviePlayer
LogPluginManager: Mounting plugin AndroidDeviceProfileSelector
LogPluginManager: Mounting plugin AndroidPermission
LogPluginManager: Mounting plugin AppleImageUtils
LogPluginManager: Mounting plugin AppleMoviePlayer
LogPluginManager: Mounting plugin ArchVisCharacter
LogPluginManager: Mounting plugin AssetTags
LogPluginManager: Mounting plugin AudioCapture
LogPluginManager: Mounting plugin AudioSynesthesia
LogPluginManager: Mounting plugin CableComponent
LogPluginManager: Mounting plugin ChunkDownloader
LogPluginManager: Mounting plugin CustomMeshComponent
LogPluginManager: Mounting plugin ExampleDeviceProfileSelector
LogPluginManager: Mounting plugin EditableMesh
LogPluginManager: Mounting plugin GoogleCloudMessaging
LogPluginManager: Mounting plugin GooglePAD
LogPluginManager: Mounting plugin IOSDeviceProfileSelector
LogPluginManager: Mounting plugin LinuxDeviceProfileSelector
LogPluginManager: Mounting plugin LocationServicesBPLibrary
LogPluginManager: Mounting plugin MobilePatchingUtils
LogPluginManager: Mounting plugin OpenXR
LogPluginManager: Mounting plugin OpenXREyeTracker
LogPluginManager: Mounting plugin OpenXRHandTracking
LogPluginManager: Mounting plugin PhysXVehicles
LogPluginManager: Mounting plugin PostSplashScreen
LogPluginManager: Mounting plugin PropertyAccessEditor
LogPluginManager: Mounting plugin ProceduralMeshComponent
LogPluginManager: Mounting plugin RuntimePhysXCooking
LogPluginManager: Mounting plugin SignificanceManager
LogPluginManager: Mounting plugin ScreenshotTools
LogPluginManager: Mounting plugin SoundFields
LogPluginManager: Mounting plugin Synthesis
LogPluginManager: Mounting plugin WebMMoviePlayer
LogPluginManager: Mounting plugin WindowsMoviePlayer
LogPluginManager: Mounting plugin Takes
LogPluginManager: Mounting plugin ContentBrowserAssetDataSource
LogPluginManager: Mounting plugin ContentBrowserClassDataSource
LogPluginManager: Mounting plugin ContentBrowserFileDataSource
LogPluginManager: Mounting plugin OnlineSubsystemGooglePlay
LogPluginManager: Mounting plugin OnlineSubsystemIOS
LogPluginManager: Mounting plugin DatabaseSupport
LogPluginManager: Mounting plugin SQLiteSupport
LogPluginManager: Mounting plugin SQLiteCore
LogPluginManager: Mounting plugin OculusVR
LogPluginManager: Mounting plugin SteamVR
PixWinPlugin: PIX capture plugin failed to initialize! Check that the process is launched from PIX.
LogInit: Using libcurl 7.55.1-DEV
LogInit:  - built for x86_64-pc-win32
LogInit:  - supports SSL with OpenSSL/1.1.1
LogInit:  - supports HTTP deflate (compression) using libz 1.2.8
LogInit:  - other features:
LogInit:      CURL_VERSION_SSL
LogInit:      CURL_VERSION_LIBZ
LogInit:      CURL_VERSION_IPV6
LogInit:      CURL_VERSION_ASYNCHDNS
LogInit:      CURL_VERSION_LARGEFILE
LogInit:      CURL_VERSION_IDN
LogInit:  CurlRequestOptions (configurable via config and command line):
LogInit:  - bVerifyPeer = true  - Libcurl will verify peer certificate
LogInit:  - bUseHttpProxy = false  - Libcurl will NOT use HTTP proxy
LogInit:  - bDontReuseConnections = false  - Libcurl will reuse connections
LogInit:  - MaxHostConnections = 16  - Libcurl will limit the number of connections to a host
LogInit:  - LocalHostAddr = Default
LogInit:  - BufferSize = 65536
LogOnline: OSS: Creating online subsystem instance for: NULL
LogInit: WinSock: version 1.1 (2.2), MaxSocks=32767, MaxUdp=65467
LogOnline: OSS: TryLoadSubsystemAndSetDefault: Loaded subsystem for module [NULL]
LogOculusPluginWrapper: OculusPlugin initialized successfully
LogHMD: Failed initializing OVRPlugin 1.59.0
LogInit: Build: ++UE4+Release-4.27-CL-18319896
LogInit: Engine Version: 4.27.2-18319896+++UE4+Release-4.27
LogInit: Compatible Engine Version: 4.27.0-17155196+++UE4+Release-4.27
LogInit: Net CL: 17155196
LogInit: OS: Windows 10 (Release 2009) (), CPU: AMD Ryzen 5 2400G with Radeon Vega Graphics    , GPU: AMD Radeon(TM) RX Vega 11 Graphics
LogInit: Compiled (64-bit): Nov 30 2021 07:12:08
LogInit: Compiled with Visual C++: 19.24.28315.00
LogInit: Build Configuration: Development
LogInit: Branch Name: ++UE4+Release-4.27
LogInit: Command Line: 
LogInit: Base Directory: F:/UE_4.27/Engine/Binaries/Win64/
LogInit: Allocator: TBB
LogInit: Installed Engine Build: 1
LogDevObjectVersion: Number of dev versions registered: 29
LogDevObjectVersion:   Dev-Blueprints (B0D832E4-1F89-4F0D-ACCF-7EB736FD4AA2): 10
LogDevObjectVersion:   Dev-Build (E1C64328-A22C-4D53-A36C-8E866417BD8C): 0
LogDevObjectVersion:   Dev-Core (375EC13C-06E4-48FB-B500-84F0262A717E): 4
LogDevObjectVersion:   Dev-Editor (E4B068ED-F494-42E9-A231-DA0B2E46BB41): 40
LogDevObjectVersion:   Dev-Framework (CFFC743F-43B0-4480-9391-14DF171D2073): 37
LogDevObjectVersion:   Dev-Mobile (B02B49B5-BB20-44E9-A304-32B752E40360): 3
LogDevObjectVersion:   Dev-Networking (A4E4105C-59A1-49B5-A7C5-40C4547EDFEE): 0
LogDevObjectVersion:   Dev-Online (39C831C9-5AE6-47DC-9A44-9C173E1C8E7C): 0
LogDevObjectVersion:   Dev-Physics (78F01B33-EBEA-4F98-B9B4-84EACCB95AA2): 14
LogDevObjectVersion:   Dev-Platform (6631380F-2D4D-43E0-8009-CF276956A95A): 0
LogDevObjectVersion:   Dev-Rendering (12F88B9F-8875-4AFC-A67C-D90C383ABD29): 45
LogDevObjectVersion:   Dev-Sequencer (7B5AE74C-D270-4C10-A958-57980B212A5A): 13
LogDevObjectVersion:   Dev-VR (D7296918-1DD6-4BDD-9DE2-64A83CC13884): 3
LogDevObjectVersion:   Dev-LoadTimes (C2A15278-BFE7-4AFE-6C17-90FF531DF755): 1
LogDevObjectVersion:   Private-Geometry (6EACA3D4-40EC-4CC1-B786-8BED09428FC5): 3
LogDevObjectVersion:   Dev-AnimPhys (29E575DD-E0A3-4627-9D10-D276232CDCEA): 17
LogDevObjectVersion:   Dev-Anim (AF43A65D-7FD3-4947-9873-3E8ED9C1BB05): 15
LogDevObjectVersion:   Dev-ReflectionCapture (6B266CEC-1EC7-4B8F-A30B-E4D90942FC07): 1
LogDevObjectVersion:   Dev-Automation (0DF73D61-A23F-47EA-B727-89E90C41499A): 1
LogDevObjectVersion:   FortniteMain (601D1886-AC64-4F84-AA16-D3DE0DEAC7D6): 47
LogDevObjectVersion:   FortniteRelease (E7086368-6B23-4C58-8439-1B7016265E91): 1
LogDevObjectVersion:   Dev-Enterprise (9DFFBCD6-494F-0158-E221-12823C92A888): 10
LogDevObjectVersion:   Dev-Niagara (F2AED0AC-9AFE-416F-8664-AA7FFA26D6FC): 1
LogDevObjectVersion:   Dev-Destruction (174F1F0B-B4C6-45A5-B13F-2EE8D0FB917D): 10
LogDevObjectVersion:   Dev-Physics-Ext (35F94A83-E258-406C-A318-09F59610247C): 41
LogDevObjectVersion:   Dev-PhysicsMaterial-Chaos (B68FC16E-8B1B-42E2-B453-215C058844FE): 1
LogDevObjectVersion:   Dev-CineCamera (B2E18506-4273-CFC2-A54E-F4BB758BBA07): 1
LogDevObjectVersion:   Dev-VirtualProduction (64F58936-FD1B-42BA-BA96-7289D5D0FA4E): 1
LogDevObjectVersion:   Dev-MediaFramework (6F0ED827-A609-4895-9C91-998D90180EA4): 2
LogInit: Presizing for max 25165824 objects, including 0 objects not considered by GC, pre-allocating 0 bytes for permanent pool.
LogConfig: Applying CVar settings from Section [/Script/Engine.StreamingSettings] File [F:/SurvivalHorror/Saved/Config/Windows/Engine.ini]
LogConfig: Setting CVar [[s.MinBulkDataSizeForAsyncLoading:131072]]
LogConfig: Setting CVar [[s.AsyncLoadingThreadEnabled:0]]
LogConfig: Setting CVar [[s.EventDrivenLoaderEnabled:1]]
LogConfig: Setting CVar [[s.WarnIfTimeLimitExceeded:0]]
LogConfig: Setting CVar [[s.TimeLimitExceededMultiplier:1.5]]
LogConfig: Setting CVar [[s.TimeLimitExceededMinTime:0.005]]
LogConfig: Setting CVar [[s.UseBackgroundLevelStreaming:1]]
LogConfig: Setting CVar [[s.PriorityAsyncLoadingExtraTime:15.0]]
LogConfig: Setting CVar [[s.LevelStreamingActorsUpdateTimeLimit:5.0]]
LogConfig: Setting CVar [[s.PriorityLevelStreamingActorsUpdateExtraTime:5.0]]
LogConfig: Setting CVar [[s.LevelStreamingComponentsRegistrationGranularity:10]]
LogConfig: Setting CVar [[s.UnregisterComponentsTimeLimit:1.0]]
LogConfig: Setting CVar [[s.LevelStreamingComponentsUnregistrationGranularity:5]]
LogConfig: Setting CVar [[s.FlushStreamingOnExit:1]]
LogInit: Object subsystem initialized
LogConfig: Setting CVar [[con.DebugEarlyDefault:1]]
LogConfig: Setting CVar [[r.setres:1280x720]]
[2022.06.14-10.56.36:530][  0]LogConfig: Setting CVar [[r.VSync:0]]
[2022.06.14-10.56.36:530][  0]LogConfig: Setting CVar [[r.RHICmdBypass:0]]
[2022.06.14-10.56.36:530][  0]LogConfig: Applying CVar settings from Section [/Script/Engine.RendererSettings] File [F:/SurvivalHorror/Saved/Config/Windows/Engine.ini]
[2022.06.14-10.56.36:530][  0]LogConfig: Setting CVar [[r.GPUCrashDebugging:0]]
[2022.06.14-10.56.36:530][  0]LogConfig: Applying CVar settings from Section [/Script/Engine.RendererOverrideSettings] File [F:/SurvivalHorror/Saved/Config/Windows/Engine.ini]
[2022.06.14-10.56.36:530][  0]LogConfig: Applying CVar settings from Section [/Script/Engine.StreamingSettings] File [F:/SurvivalHorror/Saved/Config/Windows/Engine.ini]
[2022.06.14-10.56.36:530][  0]LogConfig: Setting CVar [[s.MinBulkDataSizeForAsyncLoading:131072]]
[2022.06.14-10.56.36:530][  0]LogConfig: Setting CVar [[s.AsyncLoadingThreadEnabled:0]]
[2022.06.14-10.56.36:530][  0]LogConfig: Setting CVar [[s.EventDrivenLoaderEnabled:1]]
[2022.06.14-10.56.36:530][  0]LogConfig: Setting CVar [[s.WarnIfTimeLimitExceeded:0]]
[2022.06.14-10.56.36:530][  0]LogConfig: Setting CVar [[s.TimeLimitExceededMultiplier:1.5]]
[2022.06.14-10.56.36:531][  0]LogConfig: Setting CVar [[s.TimeLimitExceededMinTime:0.005]]
[2022.06.14-10.56.36:531][  0]LogConfig: Setting CVar [[s.UseBackgroundLevelStreaming:1]]
[2022.06.14-10.56.36:531][  0]LogConfig: Setting CVar [[s.PriorityAsyncLoadingExtraTime:15.0]]
[2022.06.14-10.56.36:531][  0]LogConfig: Setting CVar [[s.LevelStreamingActorsUpdateTimeLimit:5.0]]
[2022.06.14-10.56.36:531][  0]LogConfig: Setting CVar [[s.PriorityLevelStreamingActorsUpdateExtraTime:5.0]]
[2022.06.14-10.56.36:531][  0]LogConfig: Setting CVar [[s.LevelStreamingComponentsRegistrationGranularity:10]]
[2022.06.14-10.56.36:531][  0]LogConfig: Setting CVar [[s.UnregisterComponentsTimeLimit:1.0]]
[2022.06.14-10.56.36:531][  0]LogConfig: Setting CVar [[s.LevelStreamingComponentsUnregistrationGranularity:5]]
[2022.06.14-10.56.36:531][  0]LogConfig: Setting CVar [[s.FlushStreamingOnExit:1]]
[2022.06.14-10.56.36:531][  0]LogConfig: Applying CVar settings from Section [/Script/Engine.GarbageCollectionSettings] File [F:/SurvivalHorror/Saved/Config/Windows/Engine.ini]
[2022.06.14-10.56.36:531][  0]LogConfig: Setting CVar [[gc.MaxObjectsNotConsideredByGC:1]]
[2022.06.14-10.56.36:531][  0]LogConfig: Setting CVar [[gc.SizeOfPermanentObjectPool:0]]
[2022.06.14-10.56.36:531][  0]LogConfig: Setting CVar [[gc.FlushStreamingOnGC:0]]
[2022.06.14-10.56.36:531][  0]LogConfig: Setting CVar [[gc.NumRetriesBeforeForcingGC:10]]
[2022.06.14-10.56.36:531][  0]LogConfig: Setting CVar [[gc.AllowParallelGC:1]]
[2022.06.14-10.56.36:531][  0]LogConfig: Setting CVar [[gc.TimeBetweenPurgingPendingKillObjects:61.1]]
[2022.06.14-10.56.36:531][  0]LogConfig: Setting CVar [[gc.MaxObjectsInEditor:25165824]]
[2022.06.14-10.56.36:531][  0]LogConfig: Setting CVar [[gc.IncrementalBeginDestroyEnabled:1]]
[2022.06.14-10.56.36:531][  0]LogConfig: Setting CVar [[gc.CreateGCClusters:1]]
[2022.06.14-10.56.36:531][  0]LogConfig: Setting CVar [[gc.MinGCClusterSize:5]]
[2022.06.14-10.56.36:531][  0]LogConfig: Setting CVar [[gc.ActorClusteringEnabled:0]]
[2022.06.14-10.56.36:531][  0]LogConfig: Setting CVar [[gc.BlueprintClusteringEnabled:0]]
[2022.06.14-10.56.36:531][  0]LogConfig: Setting CVar [[gc.UseDisregardForGCOnDedicatedServers:0]]
[2022.06.14-10.56.36:531][  0]LogConfig: Setting CVar [[gc.MultithreadedDestructionEnabled:1]]
[2022.06.14-10.56.36:531][  0]LogConfig: Applying CVar settings from Section [/Script/Engine.NetworkSettings] File [F:/SurvivalHorror/Saved/Config/Windows/Engine.ini]
[2022.06.14-10.56.36:531][  0]LogConfig: Applying CVar settings from Section [/Script/UnrealEd.CookerSettings] File [F:/SurvivalHorror/Saved/Config/Windows/Engine.ini]
[2022.06.14-10.56.36:542][  0]LogConfig: Applying CVar settings from Section [ViewDistanceQuality@3] File [F:/SurvivalHorror/Saved/Config/Windows/Scalability.ini]
[2022.06.14-10.56.36:542][  0]LogConfig: Setting CVar [[r.SkeletalMeshLODBias:0]]
[2022.06.14-10.56.36:542][  0]LogConfig: Setting CVar [[r.ViewDistanceScale:1.0]]
[2022.06.14-10.56.36:542][  0]LogConfig: Applying CVar settings from Section [AntiAliasingQuality@3] File [F:/SurvivalHorror/Saved/Config/Windows/Scalability.ini]
[2022.06.14-10.56.36:542][  0]LogConfig: Setting CVar [[r.PostProcessAAQuality:4]]
[2022.06.14-10.56.36:542][  0]LogConfig: Applying CVar settings from Section [ShadowQuality@3] File [F:/SurvivalHorror/Saved/Config/Windows/Scalability.ini]
[2022.06.14-10.56.36:542][  0]LogConfig: Setting CVar [[r.LightFunctionQuality:1]]
[2022.06.14-10.56.36:542][  0]LogConfig: Setting CVar [[r.ShadowQuality:5]]
[2022.06.14-10.56.36:542][  0]LogConfig: Setting CVar [[r.Shadow.CSM.MaxCascades:10]]
[2022.06.14-10.56.36:542][  0]LogConfig: Setting CVar [[r.Shadow.MaxResolution:2048]]
[2022.06.14-10.56.36:542][  0]LogConfig: Setting CVar [[r.Shadow.MaxCSMResolution:2048]]
[2022.06.14-10.56.36:542][  0]LogConfig: Setting CVar [[r.Shadow.RadiusThreshold:0.01]]
[2022.06.14-10.56.36:542][  0]LogConfig: Setting CVar [[r.Shadow.DistanceScale:1.0]]
[2022.06.14-10.56.36:542][  0]LogConfig: Setting CVar [[r.Shadow.CSM.TransitionScale:1.0]]
[2022.06.14-10.56.36:542][  0]LogConfig: Setting CVar [[r.Shadow.PreShadowResolutionFactor:1.0]]
[2022.06.14-10.56.36:542][  0]LogConfig: Setting CVar [[r.DistanceFieldShadowing:1]]
[2022.06.14-10.56.36:542][  0]LogConfig: Setting CVar [[r.DistanceFieldAO:1]]
[2022.06.14-10.56.36:542][  0]LogConfig: Setting CVar [[r.AOQuality:2]]
[2022.06.14-10.56.36:542][  0]LogConfig: Setting CVar [[r.VolumetricFog:1]]
[2022.06.14-10.56.36:542][  0]LogConfig: Setting CVar [[r.VolumetricFog.GridPixelSize:8]]
[2022.06.14-10.56.36:542][  0]LogConfig: Setting CVar [[r.VolumetricFog.GridSizeZ:128]]
[2022.06.14-10.56.36:542][  0]LogConfig: Setting CVar [[r.VolumetricFog.HistoryMissSupersampleCount:4]]
[2022.06.14-10.56.36:542][  0]LogConfig: Setting CVar [[r.LightMaxDrawDistanceScale:1]]
[2022.06.14-10.56.36:542][  0]LogConfig: Setting CVar [[r.CapsuleShadows:1]]
[2022.06.14-10.56.36:543][  0]LogConfig: Applying CVar settings from Section [PostProcessQuality@3] File [F:/SurvivalHorror/Saved/Config/Windows/Scalability.ini]
[2022.06.14-10.56.36:543][  0]LogConfig: Setting CVar [[r.MotionBlurQuality:4]]
[2022.06.14-10.56.36:543][  0]LogConfig: Setting CVar [[r.AmbientOcclusionMipLevelFactor:0.4]]
[2022.06.14-10.56.36:543][  0]LogConfig: Setting CVar [[r.AmbientOcclusionMaxQuality:100]]
[2022.06.14-10.56.36:543][  0]LogConfig: Setting CVar [[r.AmbientOcclusionLevels:-1]]
[2022.06.14-10.56.36:543][  0]LogConfig: Setting CVar [[r.AmbientOcclusionRadiusScale:1.0]]
[2022.06.14-10.56.36:543][  0]LogConfig: Setting CVar [[r.DepthOfFieldQuality:2]]
[2022.06.14-10.56.36:543][  0]LogConfig: Setting CVar [[r.RenderTargetPoolMin:400]]
[2022.06.14-10.56.36:543][  0]LogConfig: Setting CVar [[r.LensFlareQuality:2]]
[2022.06.14-10.56.36:543][  0]LogConfig: Setting CVar [[r.SceneColorFringeQuality:1]]
[2022.06.14-10.56.36:543][  0]LogConfig: Setting CVar [[r.EyeAdaptationQuality:2]]
[2022.06.14-10.56.36:543][  0]LogConfig: Setting CVar [[r.BloomQuality:5]]
[2022.06.14-10.56.36:543][  0]LogConfig: Setting CVar [[r.FastBlurThreshold:100]]
[2022.06.14-10.56.36:543][  0]LogConfig: Setting CVar [[r.Upscale.Quality:3]]
[2022.06.14-10.56.36:543][  0]LogConfig: Setting CVar [[r.Tonemapper.GrainQuantization:1]]
[2022.06.14-10.56.36:543][  0]LogConfig: Setting CVar [[r.LightShaftQuality:1]]
[2022.06.14-10.56.36:543][  0]LogConfig: Setting CVar [[r.Filter.SizeScale:1]]
[2022.06.14-10.56.36:543][  0]LogConfig: Setting CVar [[r.Tonemapper.Quality:5]]
[2022.06.14-10.56.36:543][  0]LogConfig: Setting CVar [[r.DOF.Gather.AccumulatorQuality:1        ; higher gathering accumulator quality]]
[2022.06.14-10.56.36:543][  0]LogConfig: Setting CVar [[r.DOF.Gather.PostfilterMethod:1          ; Median3x3 postfilering method]]
[2022.06.14-10.56.36:543][  0]LogConfig: Setting CVar [[r.DOF.Gather.EnableBokehSettings:0       ; no bokeh simulation when gathering]]
[2022.06.14-10.56.36:543][  0]LogConfig: Setting CVar [[r.DOF.Gather.RingCount:4                 ; medium number of samples when gathering]]
[2022.06.14-10.56.36:543][  0]LogConfig: Setting CVar [[r.DOF.Scatter.ForegroundCompositing:1    ; additive foreground scattering]]
[2022.06.14-10.56.36:543][  0]LogConfig: Setting CVar [[r.DOF.Scatter.BackgroundCompositing:2    ; additive background scattering]]
[2022.06.14-10.56.36:543][  0]LogConfig: Setting CVar [[r.DOF.Scatter.EnableBokehSettings:1      ; bokeh simulation when scattering]]
[2022.06.14-10.56.36:543][  0]LogConfig: Setting CVar [[r.DOF.Scatter.MaxSpriteRatio:0.1         ; only a maximum of 10% of scattered bokeh]]
[2022.06.14-10.56.36:543][  0]LogConfig: Setting CVar [[r.DOF.Recombine.Quality:1                ; cheap slight out of focus]]
[2022.06.14-10.56.36:543][  0]LogConfig: Setting CVar [[r.DOF.Recombine.EnableBokehSettings:0    ; no bokeh simulation on slight out of focus]]
[2022.06.14-10.56.36:543][  0]LogConfig: Setting CVar [[r.DOF.TemporalAAQuality:1                ; more stable temporal accumulation]]
[2022.06.14-10.56.36:543][  0]LogConfig: Setting CVar [[r.DOF.Kernel.MaxForegroundRadius:0.025]]
[2022.06.14-10.56.36:543][  0]LogConfig: Setting CVar [[r.DOF.Kernel.MaxBackgroundRadius:0.025]]
[2022.06.14-10.56.36:543][  0]LogConfig: Applying CVar settings from Section [TextureQuality@3] File [F:/SurvivalHorror/Saved/Config/Windows/Scalability.ini]
[2022.06.14-10.56.36:543][  0]LogConfig: Setting CVar [[r.Streaming.MipBias:0]]
[2022.06.14-10.56.36:543][  0]LogConfig: Setting CVar [[r.Streaming.AmortizeCPUToGPUCopy:0]]
[2022.06.14-10.56.36:543][  0]LogConfig: Setting CVar [[r.Streaming.MaxNumTexturesToStreamPerFrame:0]]
[2022.06.14-10.56.36:543][  0]LogConfig: Setting CVar [[r.Streaming.Boost:1]]
[2022.06.14-10.56.36:543][  0]LogConfig: Setting CVar [[r.MaxAnisotropy:8]]
[2022.06.14-10.56.36:543][  0]LogConfig: Setting CVar [[r.VT.MaxAnisotropy:8]]
[2022.06.14-10.56.36:543][  0]LogConfig: Setting CVar [[r.Streaming.LimitPoolSizeToVRAM:0]]
[2022.06.14-10.56.36:543][  0]LogConfig: Setting CVar [[r.Streaming.PoolSize:1000]]
[2022.06.14-10.56.36:543][  0]LogConfig: Setting CVar [[r.Streaming.MaxEffectiveScreenSize:0]]
[2022.06.14-10.56.36:543][  0]LogConfig: Applying CVar settings from Section [EffectsQuality@3] File [F:/SurvivalHorror/Saved/Config/Windows/Scalability.ini]
[2022.06.14-10.56.36:543][  0]LogConfig: Setting CVar [[r.TranslucencyLightingVolumeDim:64]]
[2022.06.14-10.56.36:543][  0]LogConfig: Setting CVar [[r.RefractionQuality:2]]
[2022.06.14-10.56.36:543][  0]LogConfig: Setting CVar [[r.SSR.Quality:3]]
[2022.06.14-10.56.36:543][  0]LogConfig: Setting CVar [[r.SSR.HalfResSceneColor:0]]
[2022.06.14-10.56.36:543][  0]LogConfig: Setting CVar [[r.SceneColorFormat:4]]
[2022.06.14-10.56.36:543][  0]LogConfig: Setting CVar [[r.DetailMode:2]]
[2022.06.14-10.56.36:543][  0]LogConfig: Setting CVar [[r.TranslucencyVolumeBlur:1]]
[2022.06.14-10.56.36:543][  0]LogConfig: Setting CVar [[r.MaterialQualityLevel:1 ; High quality]]
[2022.06.14-10.56.36:543][  0]LogConfig: Setting CVar [[r.AnisotropicMaterials:1]]
[2022.06.14-10.56.36:543][  0]LogConfig: Setting CVar [[r.SSS.Scale:1]]
[2022.06.14-10.56.36:543][  0]LogConfig: Setting CVar [[r.SSS.SampleSet:2]]
[2022.06.14-10.56.36:543][  0]LogConfig: Setting CVar [[r.SSS.Quality:1]]
[2022.06.14-10.56.36:543][  0]LogConfig: Setting CVar [[r.SSS.HalfRes:0]]
[2022.06.14-10.56.36:543][  0]LogConfig: Setting CVar [[r.SSGI.Quality:3]]
[2022.06.14-10.56.36:543][  0]LogConfig: Setting CVar [[r.EmitterSpawnRateScale:1.0]]
[2022.06.14-10.56.36:543][  0]LogConfig: Setting CVar [[r.ParticleLightQuality:2]]
[2022.06.14-10.56.36:543][  0]LogConfig: Setting CVar [[r.SkyAtmosphere.AerialPerspectiveLUT.FastApplyOnOpaque:1 ; Always have FastSkyLUT 1 in this case to avoid wrong sky]]
[2022.06.14-10.56.36:543][  0]LogConfig: Setting CVar [[r.SkyAtmosphere.AerialPerspectiveLUT.SampleCountMaxPerSlice:4]]
[2022.06.14-10.56.36:543][  0]LogConfig: Setting CVar [[r.SkyAtmosphere.AerialPerspectiveLUT.DepthResolution:16.0]]
[2022.06.14-10.56.36:543][  0]LogConfig: Setting CVar [[r.SkyAtmosphere.FastSkyLUT:1]]
[2022.06.14-10.56.36:543][  0]LogConfig: Setting CVar [[r.SkyAtmosphere.FastSkyLUT.SampleCountMin:4.0]]
[2022.06.14-10.56.36:543][  0]LogConfig: Setting CVar [[r.SkyAtmosphere.FastSkyLUT.SampleCountMax:128.0]]
[2022.06.14-10.56.36:543][  0]LogConfig: Setting CVar [[r.SkyAtmosphere.SampleCountMin:4.0]]
[2022.06.14-10.56.36:544][  0]LogConfig: Setting CVar [[r.SkyAtmosphere.SampleCountMax:128.0]]
[2022.06.14-10.56.36:544][  0]LogConfig: Setting CVar [[r.SkyAtmosphere.TransmittanceLUT.UseSmallFormat:0]]
[2022.06.14-10.56.36:544][  0]LogConfig: Setting CVar [[r.SkyAtmosphere.TransmittanceLUT.SampleCount:10.0]]
[2022.06.14-10.56.36:544][  0]LogConfig: Setting CVar [[r.SkyAtmosphere.MultiScatteringLUT.SampleCount:15.0]]
[2022.06.14-10.56.36:544][  0]LogConfig: Setting CVar [[r.SkyLight.RealTimeReflectionCapture:1]]
[2022.06.14-10.56.36:544][  0]LogConfig: Applying CVar settings from Section [FoliageQuality@3] File [F:/SurvivalHorror/Saved/Config/Windows/Scalability.ini]
[2022.06.14-10.56.36:544][  0]LogConfig: Setting CVar [[foliage.DensityScale:1.0]]
[2022.06.14-10.56.36:544][  0]LogConfig: Setting CVar [[grass.DensityScale:1.0]]
[2022.06.14-10.56.36:544][  0]LogConfig: Applying CVar settings from Section [ShadingQuality@3] File [F:/SurvivalHorror/Saved/Config/Windows/Scalability.ini]
[2022.06.14-10.56.36:544][  0]LogConfig: Setting CVar [[r.HairStrands.SkyLighting.IntegrationType:2]]
[2022.06.14-10.56.36:544][  0]LogConfig: Setting CVar [[r.HairStrands.SkyAO.SampleCount:4]]
[2022.06.14-10.56.36:544][  0]LogConfig: Setting CVar [[r.HairStrands.Visibility.MSAA.SamplePerPixel:4]]
[2022.06.14-10.56.36:544][  0]LogInit: Selected Device Profile: [Windows]
[2022.06.14-10.56.36:544][  0]LogInit: Applying CVar settings loaded from the selected device profile: [Windows]
[2022.06.14-10.56.36:544][  0]LogHAL: Display: Platform has ~ 14 GB [14957424640 / 17179869184 / 14], which maps to Larger [LargestMinGB=32, LargerMinGB=12, DefaultMinGB=8, SmallerMinGB=6, SmallestMinGB=0)
[2022.06.14-10.56.36:544][  0]LogInit: Going up to parent DeviceProfile []
[2022.06.14-10.56.36:544][  0]LogConfig: Applying CVar settings from Section [ViewDistanceQuality@Cine] File [F:/SurvivalHorror/Saved/Config/Windows/Scalability.ini]
[2022.06.14-10.56.36:544][  0]LogConfig: Setting CVar [[r.SkeletalMeshLODBias:0]]
[2022.06.14-10.56.36:544][  0]LogConfig: Setting CVar [[r.ViewDistanceScale:10.0]]
[2022.06.14-10.56.36:544][  0]LogConfig: Applying CVar settings from Section [AntiAliasingQuality@Cine] File [F:/SurvivalHorror/Saved/Config/Windows/Scalability.ini]
[2022.06.14-10.56.36:544][  0]LogConfig: Setting CVar [[r.PostProcessAAQuality:6]]
[2022.06.14-10.56.36:544][  0]LogConfig: Applying CVar settings from Section [ShadowQuality@Cine] File [F:/SurvivalHorror/Saved/Config/Windows/Scalability.ini]
[2022.06.14-10.56.36:544][  0]LogConfig: Setting CVar [[r.LightFunctionQuality:1]]
[2022.06.14-10.56.36:544][  0]LogConfig: Setting CVar [[r.ShadowQuality:5]]
[2022.06.14-10.56.36:544][  0]LogConfig: Setting CVar [[r.Shadow.CSM.MaxCascades:10]]
[2022.06.14-10.56.36:544][  0]LogConfig: Setting CVar [[r.Shadow.MaxResolution:4096]]
[2022.06.14-10.56.36:544][  0]LogConfig: Setting CVar [[r.Shadow.MaxCSMResolution:4096]]
[2022.06.14-10.56.36:544][  0]LogConfig: Setting CVar [[r.Shadow.RadiusThreshold:0]]
[2022.06.14-10.56.36:544][  0]LogConfig: Setting CVar [[r.Shadow.DistanceScale:1.0]]
[2022.06.14-10.56.36:544][  0]LogConfig: Setting CVar [[r.Shadow.CSM.TransitionScale:1.0]]
[2022.06.14-10.56.36:544][  0]LogConfig: Setting CVar [[r.Shadow.PreShadowResolutionFactor:1.0]]
[2022.06.14-10.56.36:544][  0]LogConfig: Setting CVar [[r.DistanceFieldShadowing:1]]
[2022.06.14-10.56.36:544][  0]LogConfig: Setting CVar [[r.DistanceFieldAO:1]]
[2022.06.14-10.56.36:544][  0]LogConfig: Setting CVar [[r.AOQuality:2]]
[2022.06.14-10.56.36:544][  0]LogConfig: Setting CVar [[r.VolumetricFog:1]]
[2022.06.14-10.56.36:544][  0]LogConfig: Setting CVar [[r.VolumetricFog.GridPixelSize:4]]
[2022.06.14-10.56.36:544][  0]LogConfig: Setting CVar [[r.VolumetricFog.GridSizeZ:128]]
[2022.06.14-10.56.36:544][  0]LogConfig: Setting CVar [[r.VolumetricFog.HistoryMissSupersampleCount:16]]
[2022.06.14-10.56.36:544][  0]LogConfig: Setting CVar [[r.LightMaxDrawDistanceScale:1]]
[2022.06.14-10.56.36:544][  0]LogConfig: Setting CVar [[r.CapsuleShadows:1]]
[2022.06.14-10.56.36:544][  0]LogConfig: Applying CVar settings from Section [PostProcessQuality@Cine] File [F:/SurvivalHorror/Saved/Config/Windows/Scalability.ini]
[2022.06.14-10.56.36:544][  0]LogConfig: Setting CVar [[r.MotionBlurQuality:4]]
[2022.06.14-10.56.36:544][  0]LogConfig: Setting CVar [[r.AmbientOcclusionMipLevelFactor:0.4]]
[2022.06.14-10.56.36:544][  0]LogConfig: Setting CVar [[r.AmbientOcclusionMaxQuality:100]]
[2022.06.14-10.56.36:544][  0]LogConfig: Setting CVar [[r.AmbientOcclusionLevels:-1]]
[2022.06.14-10.56.36:544][  0]LogConfig: Setting CVar [[r.AmbientOcclusionRadiusScale:1.0]]
[2022.06.14-10.56.36:544][  0]LogConfig: Setting CVar [[r.GTAO.Numangles:4]]
[2022.06.14-10.56.36:544][  0]LogConfig: Setting CVar [[r.DepthOfFieldQuality:4]]
[2022.06.14-10.56.36:544][  0]LogConfig: Setting CVar [[r.RenderTargetPoolMin:1000]]
[2022.06.14-10.56.36:544][  0]LogConfig: Setting CVar [[r.LensFlareQuality:3]]
[2022.06.14-10.56.36:544][  0]LogConfig: Setting CVar [[r.SceneColorFringeQuality:1]]
[2022.06.14-10.56.36:545][  0]LogConfig: Setting CVar [[r.EyeAdaptationQuality:2]]
[2022.06.14-10.56.36:545][  0]LogConfig: Setting CVar [[r.BloomQuality:5]]
[2022.06.14-10.56.36:545][  0]LogConfig: Setting CVar [[r.FastBlurThreshold:100]]
[2022.06.14-10.56.36:545][  0]LogConfig: Setting CVar [[r.Upscale.Quality:3]]
[2022.06.14-10.56.36:545][  0]LogConfig: Setting CVar [[r.Tonemapper.GrainQuantization:1]]
[2022.06.14-10.56.36:545][  0]LogConfig: Setting CVar [[r.LightShaftQuality:1]]
[2022.06.14-10.56.36:545][  0]LogConfig: Setting CVar [[r.Filter.SizeScale:1]]
[2022.06.14-10.56.36:545][  0]LogConfig: Setting CVar [[r.Tonemapper.Quality:5]]
[2022.06.14-10.56.36:545][  0]LogConfig: Setting CVar [[r.DOF.Gather.AccumulatorQuality:1        ; higher gathering accumulator quality]]
[2022.06.14-10.56.36:545][  0]LogConfig: Setting CVar [[r.DOF.Gather.PostfilterMethod:1          ; Median3x3 postfilering method]]
[2022.06.14-10.56.36:545][  0]LogConfig: Setting CVar [[r.DOF.Gather.EnableBokehSettings:1       ; bokeh simulation when gathering]]
[2022.06.14-10.56.36:545][  0]LogConfig: Setting CVar [[r.DOF.Gather.RingCount:5                 ; high number of samples when gathering]]
[2022.06.14-10.56.36:545][  0]LogConfig: Setting CVar [[r.DOF.Scatter.ForegroundCompositing:1    ; additive foreground scattering]]
[2022.06.14-10.56.36:545][  0]LogConfig: Setting CVar [[r.DOF.Scatter.BackgroundCompositing:2    ; background scattering occlusion]]
[2022.06.14-10.56.36:545][  0]LogConfig: Setting CVar [[r.DOF.Scatter.EnableBokehSettings:1      ; no bokeh simulation when scattering]]
[2022.06.14-10.56.36:545][  0]LogConfig: Setting CVar [[r.DOF.Scatter.MaxSpriteRatio:0.25        ; only a maximum of 10% of scattered bokeh]]
[2022.06.14-10.56.36:545][  0]LogConfig: Setting CVar [[r.DOF.Recombine.Quality:2                ; highest slight out of focus]]
[2022.06.14-10.56.36:545][  0]LogConfig: Setting CVar [[r.DOF.Recombine.EnableBokehSettings:1    ; bokeh simulation on slight out of focus]]
[2022.06.14-10.56.36:545][  0]LogConfig: Setting CVar [[r.DOF.TemporalAAQuality:1                ; more stable temporal accumulation]]
[2022.06.14-10.56.36:545][  0]LogConfig: Setting CVar [[r.DOF.Kernel.MaxForegroundRadius:0.025]]
[2022.06.14-10.56.36:545][  0]LogConfig: Setting CVar [[r.DOF.Kernel.MaxBackgroundRadius:0.025]]
[2022.06.14-10.56.36:545][  0]LogConfig: Applying CVar settings from Section [TextureQuality@Cine] File [F:/SurvivalHorror/Saved/Config/Windows/Scalability.ini]
[2022.06.14-10.56.36:545][  0]LogConfig: Setting CVar [[r.Streaming.MipBias:0]]
[2022.06.14-10.56.36:545][  0]LogConfig: Setting CVar [[r.Streaming.AmortizeCPUToGPUCopy:0]]
[2022.06.14-10.56.36:545][  0]LogConfig: Setting CVar [[r.Streaming.MaxNumTexturesToStreamPerFrame:0]]
[2022.06.14-10.56.36:545][  0]LogConfig: Setting CVar [[r.Streaming.Boost:1]]
[2022.06.14-10.56.36:545][  0]LogConfig: Setting CVar [[r.MaxAnisotropy:8]]
[2022.06.14-10.56.36:545][  0]LogConfig: Setting CVar [[r.VT.MaxAnisotropy:8]]
[2022.06.14-10.56.36:545][  0]LogConfig: Setting CVar [[r.Streaming.LimitPoolSizeToVRAM:0]]
[2022.06.14-10.56.36:545][  0]LogConfig: Setting CVar [[r.Streaming.PoolSize:3000]]
[2022.06.14-10.56.36:545][  0]LogConfig: Setting CVar [[r.Streaming.MaxEffectiveScreenSize:0]]
[2022.06.14-10.56.36:545][  0]LogConfig: Applying CVar settings from Section [EffectsQuality@Cine] File [F:/SurvivalHorror/Saved/Config/Windows/Scalability.ini]
[2022.06.14-10.56.36:545][  0]LogConfig: Setting CVar [[r.TranslucencyLightingVolumeDim:64]]
[2022.06.14-10.56.36:545][  0]LogConfig: Setting CVar [[r.RefractionQuality:2]]
[2022.06.14-10.56.36:545][  0]LogConfig: Setting CVar [[r.SSR.Quality:4]]
[2022.06.14-10.56.36:545][  0]LogConfig: Setting CVar [[r.SSR.HalfResSceneColor:0]]
[2022.06.14-10.56.36:545][  0]LogConfig: Setting CVar [[r.SceneColorFormat:4]]
[2022.06.14-10.56.36:545][  0]LogConfig: Setting CVar [[r.DetailMode:2]]
[2022.06.14-10.56.36:545][  0]LogConfig: Setting CVar [[r.TranslucencyVolumeBlur:1]]
[2022.06.14-10.56.36:545][  0]LogConfig: Setting CVar [[r.MaterialQualityLevel:1 ; High quality]]
[2022.06.14-10.56.36:545][  0]LogConfig: Setting CVar [[r.AnisotropicMaterials:1]]
[2022.06.14-10.56.36:545][  0]LogConfig: Setting CVar [[r.SSS.Scale:1]]
[2022.06.14-10.56.36:545][  0]LogConfig: Setting CVar [[r.SSS.SampleSet:2]]
[2022.06.14-10.56.36:545][  0]LogConfig: Setting CVar [[r.SSS.Quality:1]]
[2022.06.14-10.56.36:545][  0]LogConfig: Setting CVar [[r.SSS.HalfRes:0]]
[2022.06.14-10.56.36:545][  0]LogConfig: Setting CVar [[r.SSGI.Quality:4]]
[2022.06.14-10.56.36:545][  0]LogConfig: Setting CVar [[r.EmitterSpawnRateScale:1.0]]
[2022.06.14-10.56.36:545][  0]LogConfig: Setting CVar [[r.ParticleLightQuality:2]]
[2022.06.14-10.56.36:545][  0]LogConfig: Setting CVar [[r.SkyAtmosphere.AerialPerspectiveLUT.FastApplyOnOpaque:0]]
[2022.06.14-10.56.36:545][  0]LogConfig: Setting CVar [[r.SkyAtmosphere.AerialPerspectiveLUT.SampleCountMaxPerSlice:8]]
[2022.06.14-10.56.36:545][  0]LogConfig: Setting CVar [[r.SkyAtmosphere.AerialPerspectiveLUT.DepthResolution:32.0]]
[2022.06.14-10.56.36:545][  0]LogConfig: Setting CVar [[r.SkyAtmosphere.FastSkyLUT:0]]
[2022.06.14-10.56.36:545][  0]LogConfig: Setting CVar [[r.SkyAtmosphere.FastSkyLUT.SampleCountMin:4.0]]
[2022.06.14-10.56.36:545][  0]LogConfig: Setting CVar [[r.SkyAtmosphere.FastSkyLUT.SampleCountMax:256.0]]
[2022.06.14-10.56.36:545][  0]LogConfig: Setting CVar [[r.SkyAtmosphere.SampleCountMin:8.0]]
[2022.06.14-10.56.36:545][  0]LogConfig: Setting CVar [[r.SkyAtmosphere.SampleCountMax:256.0]]
[2022.06.14-10.56.36:545][  0]LogConfig: Setting CVar [[r.SkyAtmosphere.TransmittanceLUT.UseSmallFormat:0]]
[2022.06.14-10.56.36:545][  0]LogConfig: Setting CVar [[r.SkyAtmosphere.TransmittanceLUT.SampleCount:30.0]]
[2022.06.14-10.56.36:545][  0]LogConfig: Setting CVar [[r.SkyAtmosphere.MultiScatteringLUT.SampleCount:20.0]]
[2022.06.14-10.56.36:545][  0]LogConfig: Setting CVar [[r.SkyLight.RealTimeReflectionCapture:1]]
[2022.06.14-10.56.36:545][  0]LogConfig: Applying CVar settings from Section [FoliageQuality@Cine] File [F:/SurvivalHorror/Saved/Config/Windows/Scalability.ini]
[2022.06.14-10.56.36:545][  0]LogConfig: Setting CVar [[foliage.DensityScale:1.0]]
[2022.06.14-10.56.36:545][  0]LogConfig: Setting CVar [[grass.DensityScale:1.0]]
[2022.06.14-10.56.36:545][  0]LogConfig: Applying CVar settings from Section [ShadingQuality@Cine] File [F:/SurvivalHorror/Saved/Config/Windows/Scalability.ini]
[2022.06.14-10.56.36:546][  0]LogConfig: Setting CVar [[r.HairStrands.SkyLighting.IntegrationType:0]]
[2022.06.14-10.56.36:546][  0]LogConfig: Setting CVar [[r.HairStrands.SkyAO.SampleCount:8]]
[2022.06.14-10.56.36:546][  0]LogConfig: Setting CVar [[r.HairStrands.Visibility.MSAA.SamplePerPixel:8]]
[2022.06.14-10.56.36:546][  0]LogConfig: Applying CVar settings from Section [Startup] File [../../../Engine/Config/ConsoleVariables.ini]
[2022.06.14-10.56.36:546][  0]LogConfig: Setting CVar [[net.UseAdaptiveNetUpdateFrequency:0]]
[2022.06.14-10.56.36:546][  0]LogConfig: Setting CVar [[p.chaos.AllowCreatePhysxBodies:1]]
[2022.06.14-10.56.36:546][  0]LogConfig: Setting CVar [[fx.SkipVectorVMBackendOptimizations:1]]
[2022.06.14-10.56.36:546][  0]LogConfig: Applying CVar settings from Section [ConsoleVariables] File [F:/SurvivalHorror/Saved/Config/Windows/Engine.ini]
[2022.06.14-10.56.36:546][  0]LogConfig: Applying CVar settings from Section [ConsoleVariables] File [F:/SurvivalHorror/Saved/Config/Windows/Editor.ini]
[2022.06.14-10.56.36:546][  0]LogInit: Computer: AHSAN-UNREAL
[2022.06.14-10.56.36:546][  0]LogInit: User: asrk1
[2022.06.14-10.56.36:546][  0]LogInit: CPU Page size=4096, Cores=4
[2022.06.14-10.56.36:546][  0]LogInit: High frequency timer resolution =10.000000 MHz
[2022.06.14-10.56.36:546][  0]LogMemory: Memory total: Physical=13.9GB (14GB approx)
[2022.06.14-10.56.36:546][  0]LogMemory: Platform Memory Stats for Windows
[2022.06.14-10.56.36:546][  0]LogMemory: Process Physical Memory: 143.84 MB used, 143.84 MB peak
[2022.06.14-10.56.36:546][  0]LogMemory: Process Virtual Memory: 120.06 MB used, 120.06 MB peak
[2022.06.14-10.56.36:546][  0]LogMemory: Physical Memory: 7032.50 MB used,  7232.02 MB free, 14264.51 MB total
[2022.06.14-10.56.36:546][  0]LogMemory: Virtual Memory: 134210848.00 MB used,  6876.13 MB free, 134217728.00 MB total
[2022.06.14-10.56.36:552][  0]LogWindows: WindowsPlatformFeatures enabled
[2022.06.14-10.56.36:579][  0]LogInit: Physics initialised using underlying interface: PhysX
[2022.06.14-10.56.36:580][  0]LogInit: Using OS detected language (en-US).
[2022.06.14-10.56.36:580][  0]LogInit: Using OS detected locale (en-US).
[2022.06.14-10.56.36:648][  0]LogTextLocalizationManager: No specific localization for 'en-US' exists, so the 'en' localization will be used.
[2022.06.14-10.56.36:935][  0]LogInit: Setting process to per monitor DPI aware
[2022.06.14-10.56.37:062][  0]LogWindowsTextInputMethodSystem: Display: IME system deactivated.
[2022.06.14-10.56.37:153][  0]LogSlate: New Slate User Created.  User Index 0, Is Virtual User: 0
[2022.06.14-10.56.37:153][  0]LogSlate: Slate User Registered.  User Index 0, Is Virtual User: 0
[2022.06.14-10.56.37:372][  0]LogD3D11RHI: Loaded GFSDK_Aftermath_Lib.x64.dll
[2022.06.14-10.56.37:376][  0]LogHMD: Failed to initialize OpenVR with code 110
[2022.06.14-10.56.37:376][  0]LogD3D11RHI: D3D11 min allowed feature level: 11_0
[2022.06.14-10.56.37:376][  0]LogD3D11RHI: D3D11 max allowed feature level: 11_0
[2022.06.14-10.56.37:376][  0]LogD3D11RHI: D3D11 adapters:
[2022.06.14-10.56.37:424][  0]LogD3D11RHI:    0. 'AMD Radeon(TM) RX Vega 11 Graphics' (Feature Level 11_0)
[2022.06.14-10.56.37:424][  0]LogD3D11RHI:       2032/0/7132 MB DedicatedVideo/DedicatedSystem/SharedSystem, Outputs:1, VendorId:0x1002
[2022.06.14-10.56.37:427][  0]LogD3D11RHI:    1. 'Microsoft Basic Render Driver' (Feature Level 11_0)
[2022.06.14-10.56.37:427][  0]LogD3D11RHI:       0/0/7132 MB DedicatedVideo/DedicatedSystem/SharedSystem, Outputs:0, VendorId:0x1414
[2022.06.14-10.56.37:427][  0]LogD3D11RHI: Chosen D3D11 Adapter:
[2022.06.14-10.56.37:427][  0]LogD3D11RHI:     Description : AMD Radeon(TM) RX Vega 11 Graphics
[2022.06.14-10.56.37:427][  0]LogD3D11RHI:     VendorId    : 1002
[2022.06.14-10.56.37:427][  0]LogD3D11RHI:     DeviceId    : 15dd
[2022.06.14-10.56.37:427][  0]LogD3D11RHI:     SubSysId    : 15dd1002
[2022.06.14-10.56.37:427][  0]LogD3D11RHI:     Revision    : 00c6
[2022.06.14-10.56.37:427][  0]LogD3D11RHI:     DedicatedVideoMemory : 2131324928 bytes
[2022.06.14-10.56.37:427][  0]LogD3D11RHI:     DedicatedSystemMemory : 0 bytes
[2022.06.14-10.56.37:427][  0]LogD3D11RHI:     SharedSystemMemory : 7478712320 bytes
[2022.06.14-10.56.37:427][  0]LogD3D11RHI:     AdapterLuid : 0 48576
[2022.06.14-10.56.37:434][  0]LogD3D11RHI: Creating new Direct3DDevice
[2022.06.14-10.56.37:434][  0]LogD3D11RHI:     GPU DeviceId: 0x15dd (for the marketing name, search the web for "GPU Device Id")
[2022.06.14-10.56.37:434][  0]LogWindows: EnumDisplayDevices:
[2022.06.14-10.56.37:434][  0]LogWindows:    0. 'AMD Radeon(TM) RX Vega 11 Graphics' (P:1 D:1)
[2022.06.14-10.56.37:435][  0]LogWindows:    1. 'AMD Radeon(TM) RX Vega 11 Graphics' (P:0 D:0)
[2022.06.14-10.56.37:435][  0]LogWindows:    2. 'AMD Radeon(TM) RX Vega 11 Graphics' (P:0 D:0)
[2022.06.14-10.56.37:436][  0]LogWindows:    3. 'AMD Radeon(TM) RX Vega 11 Graphics' (P:0 D:0)
[2022.06.14-10.56.37:436][  0]LogWindows:    4. 'AMD Radeon(TM) RX Vega 11 Graphics' (P:0 D:0)
[2022.06.14-10.56.37:436][  0]LogWindows: DebugString: FoundDriverCount:5 
[2022.06.14-10.56.37:436][  0]LogD3D11RHI:     Adapter Name: AMD Radeon(TM) RX Vega 11 Graphics
[2022.06.14-10.56.37:436][  0]LogD3D11RHI:   Driver Version: AMD Software: Adrenalin Edition 22.3.1 (internal:30.0.15002.1004, unified:30.0.15002.1004)
[2022.06.14-10.56.37:436][  0]LogD3D11RHI:      Driver Date: 3-9-2022
[2022.06.14-10.56.37:436][  0]LogRHI: Texture pool is 5915 MB (70% of 8450 MB)
[2022.06.14-10.56.37:460][  0]LogD3D11RHI: Creating D3DDevice with AMD AGS, using adapter:
[2022.06.14-10.56.37:460][  0]LogD3D11RHI:     Description : AMD Radeon(TM) RX Vega 11 Graphics
[2022.06.14-10.56.37:460][  0]LogD3D11RHI:     VendorId    : 1002
[2022.06.14-10.56.37:460][  0]LogD3D11RHI:     DeviceId    : 15dd
[2022.06.14-10.56.37:460][  0]LogD3D11RHI:     SubSysId    : 15dd1002
[2022.06.14-10.56.37:460][  0]LogD3D11RHI:     Revision    : 00c6
[2022.06.14-10.56.37:460][  0]LogD3D11RHI:     DedicatedVideoMemory : 2131324928 bytes
[2022.06.14-10.56.37:460][  0]LogD3D11RHI:     DedicatedSystemMemory : 0 bytes
[2022.06.14-10.56.37:460][  0]LogD3D11RHI:     SharedSystemMemory : 7478712320 bytes
[2022.06.14-10.56.37:460][  0]LogD3D11RHI:     AdapterLuid : 0 48576
[2022.06.14-10.56.37:585][  0]LogD3D11RHI: Created device via AGS, feature level 11_0, supported extensions 1fffffbf.
[2022.06.14-10.56.37:586][  0]LogD3D11RHI: RHI has support for 64 bit atomics
[2022.06.14-10.56.37:586][  0]LogD3D11RHI: Async texture creation enabled
[2022.06.14-10.56.37:586][  0]LogD3D11RHI: Array index from any shader is supported
[2022.06.14-10.56.37:599][  0]LogD3D11RHI: GPU Timing Frequency: 25.000000 (Debug: 2 1)
[2022.06.14-10.56.37:977][  0]LogTargetPlatformManager: Display: Loaded TargetPlatform 'AllDesktop'
[2022.06.14-10.56.38:002][  0]LogTargetPlatformManager: Display: Loaded TargetPlatform 'Android'
[2022.06.14-10.56.38:002][  0]LogTargetPlatformManager: Display: Loaded TargetPlatform 'Android_ASTC'
[2022.06.14-10.56.38:002][  0]LogTargetPlatformManager: Display: Loaded TargetPlatform 'Android_DXT'
[2022.06.14-10.56.38:003][  0]LogTargetPlatformManager: Display: Loaded TargetPlatform 'Android_ETC2'
[2022.06.14-10.56.38:003][  0]LogTargetPlatformManager: Display: Loaded TargetPlatform 'AndroidClient'
[2022.06.14-10.56.38:003][  0]LogTargetPlatformManager: Display: Loaded TargetPlatform 'Android_ASTCClient'
[2022.06.14-10.56.38:003][  0]LogTargetPlatformManager: Display: Loaded TargetPlatform 'Android_DXTClient'
[2022.06.14-10.56.38:003][  0]LogTargetPlatformManager: Display: Loaded TargetPlatform 'Android_ETC2Client'
[2022.06.14-10.56.38:003][  0]LogTargetPlatformManager: Display: Loaded TargetPlatform 'Android_Multi'
[2022.06.14-10.56.38:003][  0]LogTargetPlatformManager: Display: Loaded TargetPlatform 'Android_MultiClient'
[2022.06.14-10.56.38:025][  0]LogTargetPlatformManager: Display: Loaded TargetPlatform 'IOSClient'
[2022.06.14-10.56.38:025][  0]LogTargetPlatformManager: Display: Loaded TargetPlatform 'IOS'
[2022.06.14-10.56.38:036][  0]LogTargetPlatformManager: Display: Loaded TargetPlatform 'Linux'
[2022.06.14-10.56.38:042][  0]LogTargetPlatformManager: Display: Loaded TargetPlatform 'LinuxNoEditor'
[2022.06.14-10.56.38:047][  0]LogTargetPlatformManager: Display: Loaded TargetPlatform 'LinuxClient'
[2022.06.14-10.56.38:051][  0]LogTargetPlatformManager: Display: Loaded TargetPlatform 'LinuxServer'
[2022.06.14-10.56.38:062][  0]LogTargetPlatformManager: Display: Loaded TargetPlatform 'LinuxAArch64NoEditor'
[2022.06.14-10.56.38:067][  0]LogTargetPlatformManager: Display: Loaded TargetPlatform 'LinuxAArch64Client'
[2022.06.14-10.56.38:072][  0]LogTargetPlatformManager: Display: Loaded TargetPlatform 'LinuxAArch64Server'
[2022.06.14-10.56.38:102][  0]LogTargetPlatformManager: Display: Loaded TargetPlatform 'Lumin'
[2022.06.14-10.56.38:102][  0]LogTargetPlatformManager: Display: Loaded TargetPlatform 'LuminClient'
[2022.06.14-10.56.38:114][  0]LogTargetPlatformManager: Display: Loaded TargetPlatform 'MacNoEditor'
[2022.06.14-10.56.38:120][  0]LogTargetPlatformManager: Display: Loaded TargetPlatform 'Mac'
[2022.06.14-10.56.38:125][  0]LogTargetPlatformManager: Display: Loaded TargetPlatform 'MacClient'
[2022.06.14-10.56.38:130][  0]LogTargetPlatformManager: Display: Loaded TargetPlatform 'MacServer'
[2022.06.14-10.56.38:144][  0]LogTargetPlatformManager: Display: Loaded TargetPlatform 'TVOSClient'
[2022.06.14-10.56.38:144][  0]LogTargetPlatformManager: Display: Loaded TargetPlatform 'TVOS'
[2022.06.14-10.56.38:156][  0]LogTargetPlatformManager: Display: Loaded TargetPlatform 'WindowsNoEditor'
[2022.06.14-10.56.38:161][  0]LogTargetPlatformManager: Display: Loaded TargetPlatform 'Windows'
[2022.06.14-10.56.38:167][  0]LogTargetPlatformManager: Display: Loaded TargetPlatform 'WindowsClient'
[2022.06.14-10.56.38:174][  0]LogTargetPlatformManager: Display: Loaded TargetPlatform 'WindowsServer'
[2022.06.14-10.56.38:174][  0]LogTargetPlatformManager: Display: Building Assets For Windows
[2022.06.14-10.56.38:183][  0]LogAudioDebug: Display: Lib vorbis DLL was dynamically loaded.
[2022.06.14-10.56.38:219][  0]LogTextureFormatOodle: Display: Oodle Texture 2.9.0 init RDO Off
[2022.06.14-10.56.38:255][  0]LogRendererCore: Ray tracing is disabled. Reason: r.RayTracing=0.
[2022.06.14-10.56.38:255][  0]LogShaderCompilers: Guid format shader working directory is 20 characters bigger than the processId version (../../../../SurvivalHorror/Intermediate/Shaders/WorkingDirectory/9176/).
[2022.06.14-10.56.38:255][  0]LogShaderCompilers: Cleaned the shader compiler working directory 'C:/Users/asrk1/AppData/Local/Temp/UnrealShaderWorkingDir/6E3B532D423996090CACEBA124FB9333/'.
[2022.06.14-10.56.38:255][  0]LogXGEController: Cannot use XGE Controller as Incredibuild is not installed on this machine.
[2022.06.14-10.56.38:255][  0]LogShaderCompilers: Cannot use XGE Shader Compiler as Incredibuild is not installed on this machine.
[2022.06.14-10.56.38:255][  0]LogShaderCompilers: Display: Using Local Shader Compiler.
[2022.06.14-10.56.39:149][  0]LogDerivedDataCache: Display: Max Cache Size: 512 MB
[2022.06.14-10.56.39:218][  0]LogDerivedDataCache: Loaded boot cache 0.07s 94MB C:/Users/asrk1/AppData/Local/UnrealEngine/4.27/DerivedDataCache/Boot.ddc.
[2022.06.14-10.56.39:218][  0]LogDerivedDataCache: Display: Loaded Boot cache: C:/Users/asrk1/AppData/Local/UnrealEngine/4.27/DerivedDataCache/Boot.ddc
[2022.06.14-10.56.39:218][  0]LogDerivedDataCache: FDerivedDataBackendGraph:  Pak pak cache file ../../../../SurvivalHorror/DerivedDataCache/DDC.ddp not found, will not use a pak cache.
[2022.06.14-10.56.39:218][  0]LogDerivedDataCache: Unable to find inner node Pak for hierarchical cache Hierarchy.
[2022.06.14-10.56.39:218][  0]LogDerivedDataCache: FDerivedDataBackendGraph:  CompressedPak pak cache file ../../../../SurvivalHorror/DerivedDataCache/Compressed.ddp not found, will not use a pak cache.
[2022.06.14-10.56.39:218][  0]LogDerivedDataCache: Unable to find inner node CompressedPak for hierarchical cache Hierarchy.
[2022.06.14-10.56.39:239][  0]LogDerivedDataCache: Display: Pak cache opened for reading ../../../Engine/DerivedDataCache/Compressed.ddp.
[2022.06.14-10.56.39:239][  0]LogDerivedDataCache: FDerivedDataBackendGraph:  EnterprisePak pak cache file ../../../Enterprise/DerivedDataCache/Compressed.ddp not found, will not use a pak cache.
[2022.06.14-10.56.39:239][  0]LogDerivedDataCache: Unable to find inner node EnterprisePak for hierarchical cache Hierarchy.
[2022.06.14-10.56.39:256][  0]LogDerivedDataCache: Speed tests for C:/Users/asrk1/AppData/Local/UnrealEngine/Common/DerivedDataCache took 0.02 seconds
[2022.06.14-10.56.39:256][  0]LogDerivedDataCache: Display: Performance to C:/Users/asrk1/AppData/Local/UnrealEngine/Common/DerivedDataCache: Latency=0.04ms. RandomReadSpeed=740.61MBs, RandomWriteSpeed=63.73MBs. Assigned SpeedClass 'Local'
[2022.06.14-10.56.39:259][  0]LogDerivedDataCache: Using Local data cache path C:/Users/asrk1/AppData/Local/UnrealEngine/Common/DerivedDataCache: Writable
[2022.06.14-10.56.39:260][  0]LogDerivedDataCache: Shared data cache path not found in *engine.ini, will not use an Shared cache.
[2022.06.14-10.56.39:260][  0]LogDerivedDataCache: Unable to find inner node Shared for hierarchical cache Hierarchy.
[2022.06.14-10.56.39:324][  0]LogSlate: Using FreeType 2.10.0
[2022.06.14-10.56.39:324][  0]LogSlate: SlateFontServices - WITH_FREETYPE: 1, WITH_HARFBUZZ: 1
[2022.06.14-10.56.39:356][  0]LogAssetRegistry: FAssetRegistry took 0.0037 seconds to start up
[2022.06.14-10.56.39:753][  0]LogInit: Selected Device Profile: [Windows]
[2022.06.14-10.56.39:753][  0]LogInit: Active device profile: [0000015F814C7700][0000015F80806D80 49] Windows
[2022.06.14-10.56.39:753][  0]LogInit: Profiles: [0000015F814C7700][0000015F80806D80 49] Windows, [0000015F81484B00][0000015FF6A0AF00 49] WindowsNoEditor, [0000015F814C4A00][0000015FF6A0F080 49] WindowsServer, [0000015F81487600][0000015FF6DED200 49] WindowsClient, [0000015F814C7500][0000015FF6DF1380 49] IOS, [0000015F81484F00][0000015FF6DF5500 49] iPadAir, [0000015F814C4F00][0000015FF6DF9680 49] iPadAir2, [0000015F81428700][0000015FF6E01940 49] IPadPro, [0000015F81428800][0000015FF6DFD980 49] iPadAir3, [0000015F814C7000][0000015FFD985B00 49] iPadAir4, [0000015F8142B700][0000015FFD988100 49] iPadMini2, [0000015F814C5100][0000015FFD98C280 49] iPadMini3, [0000015F81429700][0000015FF6E04400 49] iPadMini4, [0000015F814C6C00][0000015FF6E08580 49] iPadMini5, [0000015F81413F00][0000015F8080A800 49] iPhone6, [0000015F81413E00][0000015F81C14840 49] iPodTouch6, [0000015F81487500][0000015F804EEA80 49] iPhone7, [0000015F81487000][0000015F81C1CAC0 49] iPodTouch7, [0000015F81410E00][0000015F80530C40 49] iPhone5S, [0000015F81487800][0000015F80538DC0 49] iPhone6Plus, [0000015F81413000][0000015F80656F40 49] iPhone6S, [0000015F81484400][0000015F806F50C0 49] iPhone6SPlus, [0000015F81411300][0000015F8071F240 49] iPhone7Plus, [0000015F81486100][0000015F807233C0 49] iPhoneSE, [0000015F81412B00][0000015F80727540 49] iPhone8, [0000015F81484600][0000015F8072B6C0 49] iPhone8Plus, [0000015F81411800][0000015F8072F840 49] iPhoneX, [0000015F81486200][0000015F807339C0 49] iPhoneXS, [0000015F81413C00][0000015F80737B40 49] iPhoneXSMax, [0000015F81485400][0000015F8073A140 49] iPhoneXR, [0000015F81410C00][0000015F8073E2C0 49] iPhone11, [0000015F81487100][0000015F80742440 49] iPhone11Pro, [0000015F81412D00][0000015F8074C5C0 49] iPhone11ProMax, [0000015F81484A00][0000015FF6DA6740 49] iPhoneSE2, [0000015F81413800][0000015F81CA08C0 49] iPhone12Mini, [0000015F81486700][0000015F8052CA00 49] iPhone12, [0000015F81412700][0000015F81CE0B40 49] iPhone12Pro, [0000015F81486D00][0000015F81D24C80 49] iPhone12ProMax, [0000015F81411200][0000015F81D28DC0 49] iPadPro105, [0000015F81486300][0000015F81D30F40 49] iPadPro129, [0000015F81411100][0000015F81D750C0 49] iPadPro97, [0000015F81485300][0000015F81D79240 49] iPadPro2_129, [0000015F81413200][0000015F81D7D3C0 49] iPad5, [0000015F81487C00][0000015FF6DD1540 49] iPad6, [0000015F81412C00][0000015FF6DD56C0 49] iPad7, [0000015F81484800][0000015FF6DD9840 49] iPad8, [0000015F81410F00][0000015FF6DDD9C0 49] iPadPro11, [0000015F81484100][0000015F8007BB40 49] iPadPro2_11, [0000015F81411500][0000015FF6DE0140 49] iPadPro3_129, [0000015F81486800][0000015FF6DE42C0 49] iPadPro4_129, [0000015F81413700][0000015FF6DE8440 49] AppleTV, [0000015F81487F00][0000015F820245C0 49] AppleTV4K, [0000015F81410600][0000015F82028740 49] TVOS, [0000015F81486A00][0000015F8202C8C0 49] Mac, [0000015F81412000][0000015F81B80A40 49] MacClient, [0000015F81485A00][0000015F81D2CB80 49] MacNoEditor, [0000015F81410400][0000015F81B84CC0 49] MacServer, [0000015F81486000][0000015F81B88E00 49] Linux, [0000015F81411B00][0000015F8065EF40 49] LinuxAArch64, [0000015F81485F00][0000015F805350C0 49] LinuxNoEditor, [0000015F81412400][0000015F804EB240 49] LinuxAArch64NoEditor, [0000015F81487D00][0000015F804E73C0 49] LinuxClient, [0000015F81413500][0000015F804E3540 49] LinuxAArch64Client, [0000015F81485B00][0000015F804DF6C0 49] LinuxServer, [0000015F81411600][0000015F81C19840 49] LinuxAArch64Server, [0000015F81484300][0000015FFDC459C0 49] Android, [0000015F814C5300][0000015F8071BB40 49] Android_Low, [0000015F81584F00][0000015F81B8C140 49] Android_Mid, [0000015F814C7900][0000015F81B902C0 49] Android_High, [0000015F81585A00][0000015F81B94440 49] Android_Default, [0000015F814C5E00][0000015F81B985C0 49] Android_Adreno4xx, [0000015F81585200][0000015F807DE740 49] Android_Adreno5xx_Low, [0000015F814C6700][0000015F807E28C0 49] Android_Adreno5xx, [0000015F81584600][0000015F807E6A40 49] Android_Adreno6xx, [0000015F814C5D00][0000015F807EABC0 49] Android_Adreno6xx_Vulkan, [0000015F81585700][0000015F807EED40 49] Android_Mali_T6xx, [0000015F814C5500][0000015F8065AE80 49] Android_Mali_T7xx, [0000015F81584300][0000015F807F2FC0 49] Android_Mali_T8xx, [0000015F814C4400][0000015F807F7100 49] Android_Mali_G71, [0000015F81585F00][0000015F807FF280 49] Android_Mali_G72, [0000015F814C4800][0000015F80803400 49] Android_Mali_G72_Vulkan, [0000015F81585400][0000015F81BD9580 49] Android_Mali_G76, [0000015F814C4D00][0000015F81BDD700 49] Android_Mali_G76_Vulkan, [0000015F81584D00][0000015F81BE1880 49] Android_Mali_G77, [0000015F814C6200][0000015F81BE5A00 49] Android_Mali_G77_Vulkan, [0000015F81584500][0000015F81BE9B80 49] Android_Mali_G78, [0000015F81486C00][0000015F81BEC180 49] Android_Mali_G78_Vulkan, [0000015F81411000][0000015F81BF0300 49] Android_Mali_G710, [0000015F81486B00][0000015F81BF4480 49] Android_Mali_G710_Vulkan, [0000015F81411F00][0000015F81BF8600 49] Android_Vulkan_SM5, [0000015F81486900][0000015F81BFC780 49] Android_PowerVR_G6xxx, [0000015F81410A00][0000015F81C00900 49] Android_PowerVR_GT7xxx, [0000015F81485900][0000015F81C04A80 49] Android_PowerVR_GE8xxx, [0000015F81412800][0000015F81C08C00 49] Android_PowerVR_GM9xxx, [0000015F81584200][0000015F81C0CD80 49] Android_PowerVR_GM9xxx_Vulkan, [0000015F81412100][0000015F81C10F00 49] Android_TegraK1, [0000015F81584900][0000015F807FB040 49] Android_Unknown_Vulkan, [0000015F81412E00][0000015F80663180 49] Lumin, [0000015F81585E00][0000015F806672C0 49] Lumin_Desktop, [0000015F81410900][0000015F8066F440 49] HoloLens, 
[2022.06.14-10.56.39:915][  0]LogMeshReduction: Using QuadricMeshReduction for automatic static mesh reduction
[2022.06.14-10.56.39:915][  0]LogMeshReduction: Using SimplygonMeshReduction for automatic skeletal mesh reduction
[2022.06.14-10.56.39:915][  0]LogMeshReduction: Using ProxyLODMeshReduction for automatic mesh merging
[2022.06.14-10.56.39:915][  0]LogMeshReduction: No distributed automatic mesh merging module available
[2022.06.14-10.56.39:915][  0]LogMeshMerging: No distributed automatic mesh merging module available
[2022.06.14-10.56.39:937][  0]LogNetVersion: SurvivalHorror 1.0.0, NetCL: 17155196, EngineNetVer: 17, GameNetVer: 0 (Checksum: 675333027)
[2022.06.14-10.56.40:450][  0]LogTexture: Default maximum texture size for cubemaps generated from long-lat sources has been changed from 512 to unlimited. In order to preserve old behaiour for '/Engine/MapTemplates/Sky/DaylightAmbientCubemap.DaylightAmbientCubemap', its maximum texture size has been explicitly set to 512.
[2022.06.14-10.56.40:520][  0]LogHMD: PokeAHoleMaterial loaded successfully
[2022.06.14-10.56.40:531][  0]LogUObjectArray: 17178 objects as part of root set at end of initial load.
[2022.06.14-10.56.40:531][  0]LogUObjectAllocator: 4302048 out of 0 bytes used by permanent object pool.
[2022.06.14-10.56.40:531][  0]LogUObjectArray: CloseDisregardForGC: 0/0 objects in disregard for GC pool
[2022.06.14-10.56.40:865][  0]LogNiagaraDebuggerClient: Niagara Debugger Client Initialized | Session: 3E618C15402EE907CD91F9B79CDC2BFC | Instance: 810E12D7497C5EA1FCCDC3BF3FBB74ED (AHSAN-UNREAL-9176).
[2022.06.14-10.56.41:008][  0]LogPython: Using Python 3.7.7
[2022.06.14-10.56.41:698][  0]LogTcpMessaging: Initializing TcpMessaging bridge
[2022.06.14-10.56.41:704][  0]LogUdpMessaging: Initializing bridge on interface 0.0.0.0:0 to multicast group 230.0.0.1:6666.
[2022.06.14-10.56.42:073][  0]SourceControl: Source control is disabled
[2022.06.14-10.56.42:073][  0]SourceControl: Source control is disabled
[2022.06.14-10.56.42:077][  0]SourceControl: Source control is disabled
[2022.06.14-10.56.42:081][  0]SourceControl: Source control is disabled
[2022.06.14-10.56.42:094][  0]SourceControl: Source control is disabled
[2022.06.14-10.56.42:097][  0]LogUProjectInfo: Found projects:
[2022.06.14-10.56.42:526][  0]LogOpenImageDenoise: OIDN starting up
[2022.06.14-10.56.42:567][  0]LogAndroidPermission: UAndroidPermissionCallbackProxy::GetInstance
[2022.06.14-10.56.42:592][  0]LogAudioCaptureCore: Display: No Audio Capture implementations found. Audio input will be silent.
[2022.06.14-10.56.42:592][  0]LogAudioCaptureCore: Display: No Audio Capture implementations found. Audio input will be silent.
[2022.06.14-10.56.42:732][  0]LogCollectionManager: Loaded 0 collections in 0.000867 seconds
[2022.06.14-10.56.42:763][  0]LogFileCache: Scanning file cache for directory 'F:/SurvivalHorror/Saved/Collections/' took 0.00s
[2022.06.14-10.56.42:763][  0]LogFileCache: Scanning file cache for directory 'F:/SurvivalHorror/Content/Developers/asrk1/Collections/' took 0.00s
[2022.06.14-10.56.42:763][  0]LogFileCache: Scanning file cache for directory 'F:/SurvivalHorror/Content/Collections/' took 0.00s
[2022.06.14-10.56.42:763][  0]LogOcInput: OculusInput pre-init called
[2022.06.14-10.56.43:373][  0]LogClass: Warning: ObjectProperty FMOMission::Mission is not initialized properly even though its struct probably has a custom default constructor. Module:MissionObjectives File:Public/Types/MissionTypes.h
[2022.06.14-10.56.43:374][  0]LogClass: Display: Int8Property FMTSJson::version is not initialized properly. Module:MegascansPlugin File:Private/Utilities/MTSReader.h
[2022.06.14-10.56.43:374][  0]LogClass: Display: Int16Property FMTSJson::resolutionValue is not initialized properly. Module:MegascansPlugin File:Private/Utilities/MTSReader.h
[2022.06.14-10.56.43:374][  0]LogClass: Display: BoolProperty FMTSJson::isExternal is not initialized properly. Module:MegascansPlugin File:Private/Utilities/MTSReader.h
[2022.06.14-10.56.43:374][  0]LogClass: Display: Int8Property FMTSJson::meshVersion is not initialized properly. Module:MegascansPlugin File:Private/Utilities/MTSReader.h
[2022.06.14-10.56.43:374][  0]LogClass: Display: BoolProperty FMTSJson::isCustom is not initialized properly. Module:MegascansPlugin File:Private/Utilities/MTSReader.h
[2022.06.14-10.56.43:374][  0]LogClass: Display: BoolProperty FMTSJson::isModularAsset is not initialized properly. Module:MegascansPlugin File:Private/Utilities/MTSReader.h
[2022.06.14-10.56.43:374][  0]LogClass: Display: Int8Property FLodList::variation is not initialized properly. Module:MegascansPlugin File:Private/Utilities/MTSReader.h
[2022.06.14-10.56.43:374][  0]LogClass: Display: Int16Property FMeshList::resolution is not initialized properly. Module:MegascansPlugin File:Private/Utilities/MTSReader.h
[2022.06.14-10.56.43:374][  0]LogClass: Display: Int16Property FComponents::resolution is not initialized properly. Module:MegascansPlugin File:Private/Utilities/MTSReader.h
[2022.06.14-10.56.43:374][  0]LogClass: Display: BoolProperty FTextureSets::isUdim is not initialized properly. Module:MegascansPlugin File:Private/Utilities/MTSReader.h
[2022.06.14-10.56.43:374][  0]LogClass: Display: BoolProperty FMeta::value is not initialized properly. Module:MegascansPlugin File:Private/Utilities/MTSReader.h
[2022.06.14-10.56.43:374][  0]LogClass: Display: 12 Uninitialized script struct members found including 1 object properties
[2022.06.14-10.56.43:374][  0]LogAutomationTest: Warning: ObjectProperty FMOMission::Mission is not initialized properly even though its struct probably has a custom default constructor. Module:MissionObjectives File:Public/Types/MissionTypes.h
[2022.06.14-10.56.43:381][  0]LogEngine: Initializing Engine...
[2022.06.14-10.56.43:383][  0]LogHMD: Failed to enumerate extensions. Please check that you have a valid OpenXR runtime installed.
[2022.06.14-10.56.43:383][  0]LogHMD: Failed to initialize OpenVR with code 110
[2022.06.14-10.56.43:383][  0]LogMagicLeap: Warning: VR disabled because ZI is not enabled.  To enable, in the editor, Edit -> Project Settings -> Plugins -> Magic Leap Plugin -> Enable Zero Iteration
[2022.06.14-10.56.43:384][  0]LogStats: UGameplayTagsManager::InitializeManager -  0.000 s
[2022.06.14-10.56.43:538][  0]LogInit: Initializing FReadOnlyCVARCache
[2022.06.14-10.56.43:549][  0]LogAIModule: Creating AISystem for world Untitled
[2022.06.14-10.56.43:564][  0]LogAudio: Display: Initializing Audio Device Manager...
[2022.06.14-10.56.43:570][  0]LogAudio: Display: Loading Default Audio Settings Objects...
[2022.06.14-10.56.43:571][  0]LogAudio: Display: No default SoundConcurrencyObject specified (or failed to load).
[2022.06.14-10.56.43:571][  0]LogAudio: Display: Audio Device Manager Initialized
[2022.06.14-10.56.43:571][  0]LogAudio: Display: Creating Audio Device:                 Id: 1, Scope: Shared, Realtime: True
[2022.06.14-10.56.43:572][  0]LogAudioMixer: Display: Audio Mixer Platform Settings:
[2022.06.14-10.56.43:572][  0]LogAudioMixer: Display: 	Sample Rate:						  48000
[2022.06.14-10.56.43:572][  0]LogAudioMixer: Display: 	Callback Buffer Frame Size Requested: 1024
[2022.06.14-10.56.43:572][  0]LogAudioMixer: Display: 	Callback Buffer Frame Size To Use:	  1024
[2022.06.14-10.56.43:572][  0]LogAudioMixer: Display: 	Number of buffers to queue:			  2
[2022.06.14-10.56.43:572][  0]LogAudioMixer: Display: 	Max Channels (voices):				  32
[2022.06.14-10.56.43:572][  0]LogAudioMixer: Display: 	Number of Async Source Workers:		  0
[2022.06.14-10.56.43:572][  0]LogAudio: Display: AudioDevice MaxSources: 32
[2022.06.14-10.56.43:573][  0]LogAudio: Display: Audio Spatialization Plugin: None (built-in).
[2022.06.14-10.56.43:573][  0]LogAudio: Display: Audio Reverb Plugin: None (built-in).
[2022.06.14-10.56.43:573][  0]LogAudio: Display: Audio Occlusion Plugin: None (built-in).
[2022.06.14-10.56.43:573][  0]LogAudioMixer: Display: Initializing audio mixer.
[2022.06.14-10.56.43:586][  0]LogAudioMixer: Display: 0: FrontLeft
[2022.06.14-10.56.43:587][  0]LogAudioMixer: Display: 1: FrontRight
[2022.06.14-10.56.43:612][  0]LogAudioMixer: Display: Using Audio Device Speakers (Realtek(R) Audio)
[2022.06.14-10.56.43:615][  0]LogAudioMixer: Display: Initializing Sound Submixes...
[2022.06.14-10.56.43:617][  0]LogAudioMixer: Display: Creating Master Submix 'MasterSubmixDefault'
[2022.06.14-10.56.43:617][  0]LogAudioMixer: Display: Creating Master Submix 'MasterReverbSubmixDefault'
[2022.06.14-10.56.43:618][  0]LogAudioMixer: Display: Creating Master Submix 'MasterEQSubmixDefault'
[2022.06.14-10.56.43:618][  0]LogAudioMixer: FMixerPlatformXAudio2::StartAudioStream() called
[2022.06.14-10.56.43:618][  0]LogAudioMixer: Display: Output buffers initialized: Frames=1024, Channels=2, Samples=2048
[2022.06.14-10.56.43:620][  0]LogAudioMixer: Display: Starting AudioMixerPlatformInterface::RunInternal()
[2022.06.14-10.56.43:620][  0]LogAudioMixer: Display: FMixerPlatformXAudio2::SubmitBuffer() called for the first time
[2022.06.14-10.56.43:620][  0]LogInit: FAudioDevice initialized.
[2022.06.14-10.56.43:620][  0]LogAudio: Display: Audio Device (ID: 1) registered with world 'Untitled'.
[2022.06.14-10.56.43:620][  0]LogNetVersion: Set ProjectVersion to 1.0.0.0. Version Checksum will be recalculated on next use.
[2022.06.14-10.56.43:756][  0]LogDerivedDataCache: Saved boot cache 0.14s 94MB C:/Users/asrk1/AppData/Local/UnrealEngine/4.27/DerivedDataCache/Boot.ddc.
[2022.06.14-10.56.43:759][  0]LogInit: Texture streaming: Enabled
[2022.06.14-10.56.43:772][  0]LogAnalytics: Display: [UEEditor.Rocket.Release] APIServer = https://datarouter.ol.epicgames.com/. AppVersion = 4.27.2-18319896+++UE4+Release-4.27
[2022.06.14-10.56.43:776][  0]LogEngineSessionManager: EngineSessionManager initialized
[2022.06.14-10.56.43:776][  0]LogEditorSessionSummary: Verbose: Initializing EditorSessionSummaryWriter for editor session tracking
[2022.06.14-10.56.43:778][  0]LogEditorSessionSummary: EditorSessionSummaryWriter initialized
[2022.06.14-10.56.43:810][  0]LogInit: Transaction tracking system initialized
[2022.06.14-10.56.43:834][  0]BlueprintLog: New page: Editor Load
[2022.06.14-10.56.43:907][  0]LocalizationService: Localization service is disabled
[2022.06.14-10.56.43:938][  0]TimingProfiler: Initialize
[2022.06.14-10.56.43:938][  0]TimingProfiler: OnSessionChanged
[2022.06.14-10.56.43:938][  0]LoadingProfiler: Initialize
[2022.06.14-10.56.43:938][  0]LoadingProfiler: OnSessionChanged
[2022.06.14-10.56.43:938][  0]NetworkingProfiler: Initialize
[2022.06.14-10.56.43:938][  0]NetworkingProfiler: OnSessionChanged
[2022.06.14-10.56.43:938][  0]MemoryProfiler: Initialize
[2022.06.14-10.56.43:938][  0]MemoryProfiler: OnSessionChanged
[2022.06.14-10.56.44:137][  0]LogCook: Display: CookSettings for Memory: MemoryMaxUsedVirtual 0MiB, MemoryMaxUsedPhysical 16384MiB, MemoryMinFreeVirtual 0MiB, MemoryMinFreePhysical 1024MiB
[2022.06.14-10.56.44:137][  0]LogCook: Display: Mobile HDR setting 1
[2022.06.14-10.56.44:407][  0]LogFileCache: Scanning file cache for directory 'F:/SurvivalHorror/Content/' took 0.01s
[2022.06.14-10.56.44:628][  0]LogInit: Display: Engine is initialized. Leaving FEngineLoop::Init()
[2022.06.14-10.56.44:632][  0]SourceControl: Source control is disabled
[2022.06.14-10.56.44:632][  0]LogUnrealEdMisc: Loading editor; pre map load, took 9.882
[2022.06.14-10.56.44:632][  0]Cmd: MAP LOAD FILE="../../../Engine/Content/Maps/Templates/Template_Default.umap" TEMPLATE=1 SHOWPROGRESS=1 FEATURELEVEL=3
[2022.06.14-10.56.44:633][  0]LightingResults: New page: Lighting Build
[2022.06.14-10.56.44:634][  0]LogWorld: UWorld::CleanupWorld for Untitled, bSessionEnded=true, bCleanupResources=true
[2022.06.14-10.56.44:635][  0]LogSlate: InvalidateAllWidgets triggered.  All widgets were invalidated
[2022.06.14-10.56.44:635][  0]MapCheck: New page: Map Check
[2022.06.14-10.56.44:635][  0]LightingResults: New page: Lighting Build
[2022.06.14-10.56.44:639][  0]LogAudio: Display: Audio Device unregistered from world 'None'.
[2022.06.14-10.56.44:644][  0]LogUObjectHash: Compacting FUObjectHashTables data took   1.15ms
[2022.06.14-10.56.44:718][  0]LogTexture: Display: Building textures: DeprecatedTextureEB9CBE3C423008B5E8E130901E171C89 (BGRA8, 128X128)
[2022.06.14-10.56.44:725][  0]LogAudio: Display: Audio Device (ID: 1) registered with world 'Untitled_1'.
[2022.06.14-10.56.44:727][  0]LogAIModule: Creating AISystem for world Untitled_1
[2022.06.14-10.56.44:734][  0]LogEditorServer: Finished looking for orphan Actors (0.000 secs)
[2022.06.14-10.56.44:756][  0]LogUObjectHash: Compacting FUObjectHashTables data took   1.15ms
[2022.06.14-10.56.44:756][  0]Cmd: MAP CHECKDEP NOCLEARLOG
[2022.06.14-10.56.44:756][  0]MapCheck: Map check complete: 0 Error(s), 0 Warning(s), took 0.159ms to complete.
[2022.06.14-10.56.44:756][  0]LogFileHelpers: Loading map 'Template_Default' took 0.124
[2022.06.14-10.56.44:759][  0]LogUnrealEdMisc: Total Editor Startup Time, took 10.008
[2022.06.14-10.56.45:263][  0]LogSlate: Only BGRA pngs, bmps or icos are supported in by External Image Picker
[2022.06.14-10.56.45:370][  0]LogSlate: Updating window title bar state: overlay mode, drag disabled, window buttons hidden, title bar hidden
[2022.06.14-10.56.45:379][  0]LogSlate: Updating window title bar state: overlay mode, drag disabled, window buttons hidden, title bar hidden
[2022.06.14-10.56.45:386][  0]LogSlate: Updating window title bar state: overlay mode, drag disabled, window buttons hidden, title bar hidden
[2022.06.14-10.56.45:394][  0]LogSlate: Updating window title bar state: overlay mode, drag disabled, window buttons hidden, title bar hidden
[2022.06.14-10.56.45:412][  0]LogNativeClassHierarchy: Verbose: Native class hierarchy populated in 0.0126 seconds. Added 3855 classes and 943 folders.
[2022.06.14-10.56.45:416][  0]LogNativeClassHierarchy: Verbose: Native class hierarchy updated for 'WidgetCarousel' in 0.0003 seconds. Added 0 classes and 0 folders.
[2022.06.14-10.56.45:417][  0]LogPakFile: PakFile PrimaryIndexSize=187
[2022.06.14-10.56.45:417][  0]LogPakFile: PakFile PathHashIndexSize=101
[2022.06.14-10.56.45:417][  0]LogPakFile: PakFile FullDirectoryIndexSize=148
[2022.06.14-10.56.45:417][  0]LogShaderLibrary: Display: ShaderCodeLibraryPakFileMountedCallback: PakFile 'F:/UE_4.27/FeaturePacks/FP_FirstPerson.upack' (chunk index -1, root 'root:/') mounted
[2022.06.14-10.56.45:417][  0]LogShaderLibrary: Display: ShaderCodeLibraryPakFileMountedCallback: pending pak file info (ChunkID:-1 Root:root:/ File:F:/UE_4.27/FeaturePacks/FP_FirstPerson.upack)
[2022.06.14-10.56.45:417][  0]LogPakFile: OnPakFileMounted2Time == 0.000072
[2022.06.14-10.56.45:418][  0]LogPakFile: PakFile PrimaryIndexSize=189
[2022.06.14-10.56.45:418][  0]LogPakFile: PakFile PathHashIndexSize=101
[2022.06.14-10.56.45:418][  0]LogPakFile: PakFile FullDirectoryIndexSize=152
[2022.06.14-10.56.45:418][  0]LogShaderLibrary: Display: ShaderCodeLibraryPakFileMountedCallback: PakFile 'F:/UE_4.27/FeaturePacks/FP_FirstPersonBP.upack' (chunk index -1, root 'root:/') mounted
[2022.06.14-10.56.45:418][  0]LogShaderLibrary: Display: ShaderCodeLibraryPakFileMountedCallback: pending pak file info (ChunkID:-1 Root:root:/ File:F:/UE_4.27/FeaturePacks/FP_FirstPersonBP.upack)
[2022.06.14-10.56.45:418][  0]LogPakFile: OnPakFileMounted2Time == 0.000057
[2022.06.14-10.56.45:419][  0]LogPakFile: PakFile PrimaryIndexSize=191
[2022.06.14-10.56.45:419][  0]LogPakFile: PakFile PathHashIndexSize=101
[2022.06.14-10.56.45:419][  0]LogPakFile: PakFile FullDirectoryIndexSize=160
[2022.06.14-10.56.45:419][  0]LogShaderLibrary: Display: ShaderCodeLibraryPakFileMountedCallback: PakFile 'F:/UE_4.27/FeaturePacks/MobileStarterContent.upack' (chunk index -1, root 'root:/') mounted
[2022.06.14-10.56.45:419][  0]LogShaderLibrary: Display: ShaderCodeLibraryPakFileMountedCallback: pending pak file info (ChunkID:-1 Root:root:/ File:F:/UE_4.27/FeaturePacks/MobileStarterContent.upack)
[2022.06.14-10.56.45:419][  0]LogPakFile: OnPakFileMounted2Time == 0.000052
[2022.06.14-10.56.45:420][  0]LogPakFile: PakFile PrimaryIndexSize=185
[2022.06.14-10.56.45:420][  0]LogPakFile: PakFile PathHashIndexSize=101
[2022.06.14-10.56.45:420][  0]LogPakFile: PakFile FullDirectoryIndexSize=148
[2022.06.14-10.56.45:420][  0]LogShaderLibrary: Display: ShaderCodeLibraryPakFileMountedCallback: PakFile 'F:/UE_4.27/FeaturePacks/StarterContent.upack' (chunk index -1, root 'root:/') mounted
[2022.06.14-10.56.45:420][  0]LogShaderLibrary: Display: ShaderCodeLibraryPakFileMountedCallback: pending pak file info (ChunkID:-1 Root:root:/ File:F:/UE_4.27/FeaturePacks/StarterContent.upack)
[2022.06.14-10.56.45:420][  0]LogPakFile: OnPakFileMounted2Time == 0.000048
[2022.06.14-10.56.45:421][  0]LogPakFile: PakFile PrimaryIndexSize=190
[2022.06.14-10.56.45:421][  0]LogPakFile: PakFile PathHashIndexSize=101
[2022.06.14-10.56.45:421][  0]LogPakFile: PakFile FullDirectoryIndexSize=154
[2022.06.14-10.56.45:421][  0]LogShaderLibrary: Display: ShaderCodeLibraryPakFileMountedCallback: PakFile 'F:/UE_4.27/FeaturePacks/TP_2DSideScroller.upack' (chunk index -1, root 'root:/') mounted
[2022.06.14-10.56.45:421][  0]LogShaderLibrary: Display: ShaderCodeLibraryPakFileMountedCallback: pending pak file info (ChunkID:-1 Root:root:/ File:F:/UE_4.27/FeaturePacks/TP_2DSideScroller.upack)
[2022.06.14-10.56.45:421][  0]LogPakFile: OnPakFileMounted2Time == 0.000045
[2022.06.14-10.56.45:421][  0]LogPakFile: PakFile PrimaryIndexSize=192
[2022.06.14-10.56.45:421][  0]LogPakFile: PakFile PathHashIndexSize=101
[2022.06.14-10.56.45:421][  0]LogPakFile: PakFile FullDirectoryIndexSize=158
[2022.06.14-10.56.45:421][  0]LogShaderLibrary: Display: ShaderCodeLibraryPakFileMountedCallback: PakFile 'F:/UE_4.27/FeaturePacks/TP_2DSideScrollerBP.upack' (chunk index -1, root 'root:/') mounted
[2022.06.14-10.56.45:421][  0]LogShaderLibrary: Display: ShaderCodeLibraryPakFileMountedCallback: pending pak file info (ChunkID:-1 Root:root:/ File:F:/UE_4.27/FeaturePacks/TP_2DSideScrollerBP.upack)
[2022.06.14-10.56.45:421][  0]LogPakFile: OnPakFileMounted2Time == 0.000055
[2022.06.14-10.56.45:422][  0]LogPakFile: PakFile PrimaryIndexSize=182
[2022.06.14-10.56.45:422][  0]LogPakFile: PakFile PathHashIndexSize=101
[2022.06.14-10.56.45:422][  0]LogPakFile: PakFile FullDirectoryIndexSize=138
[2022.06.14-10.56.45:422][  0]LogShaderLibrary: Display: ShaderCodeLibraryPakFileMountedCallback: PakFile 'F:/UE_4.27/FeaturePacks/TP_Flying.upack' (chunk index -1, root 'root:/') mounted
[2022.06.14-10.56.45:422][  0]LogShaderLibrary: Display: ShaderCodeLibraryPakFileMountedCallback: pending pak file info (ChunkID:-1 Root:root:/ File:F:/UE_4.27/FeaturePacks/TP_Flying.upack)
[2022.06.14-10.56.45:422][  0]LogPakFile: OnPakFileMounted2Time == 0.000045
[2022.06.14-10.56.45:423][  0]LogPakFile: PakFile PrimaryIndexSize=184
[2022.06.14-10.56.45:423][  0]LogPakFile: PakFile PathHashIndexSize=101
[2022.06.14-10.56.45:423][  0]LogPakFile: PakFile FullDirectoryIndexSize=142
[2022.06.14-10.56.45:423][  0]LogShaderLibrary: Display: ShaderCodeLibraryPakFileMountedCallback: PakFile 'F:/UE_4.27/FeaturePacks/TP_FlyingBP.upack' (chunk index -1, root 'root:/') mounted
[2022.06.14-10.56.45:423][  0]LogShaderLibrary: Display: ShaderCodeLibraryPakFileMountedCallback: pending pak file info (ChunkID:-1 Root:root:/ File:F:/UE_4.27/FeaturePacks/TP_FlyingBP.upack)
[2022.06.14-10.56.45:423][  0]LogPakFile: OnPakFileMounted2Time == 0.000044
[2022.06.14-10.56.45:423][  0]LogPakFile: PakFile PrimaryIndexSize=188
[2022.06.14-10.56.45:423][  0]LogPakFile: PakFile PathHashIndexSize=101
[2022.06.14-10.56.45:424][  0]LogPakFile: PakFile FullDirectoryIndexSize=150
[2022.06.14-10.56.45:424][  0]LogShaderLibrary: Display: ShaderCodeLibraryPakFileMountedCallback: PakFile 'F:/UE_4.27/FeaturePacks/TP_HandheldARBP.upack' (chunk index -1, root 'root:/') mounted
[2022.06.14-10.56.45:424][  0]LogShaderLibrary: Display: ShaderCodeLibraryPakFileMountedCallback: pending pak file info (ChunkID:-1 Root:root:/ File:F:/UE_4.27/FeaturePacks/TP_HandheldARBP.upack)
[2022.06.14-10.56.45:424][  0]LogPakFile: OnPakFileMounted2Time == 0.000044
[2022.06.14-10.56.45:424][  0]LogPakFile: PakFile PrimaryIndexSize=182
[2022.06.14-10.56.45:424][  0]LogPakFile: PakFile PathHashIndexSize=101
[2022.06.14-10.56.45:424][  0]LogPakFile: PakFile FullDirectoryIndexSize=138
[2022.06.14-10.56.45:424][  0]LogShaderLibrary: Display: ShaderCodeLibraryPakFileMountedCallback: PakFile 'F:/UE_4.27/FeaturePacks/TP_Puzzle.upack' (chunk index -1, root 'root:/') mounted
[2022.06.14-10.56.45:425][  0]LogShaderLibrary: Display: ShaderCodeLibraryPakFileMountedCallback: pending pak file info (ChunkID:-1 Root:root:/ File:F:/UE_4.27/FeaturePacks/TP_Puzzle.upack)
[2022.06.14-10.56.45:425][  0]LogPakFile: OnPakFileMounted2Time == 0.000055
[2022.06.14-10.56.45:425][  0]LogPakFile: PakFile PrimaryIndexSize=184
[2022.06.14-10.56.45:425][  0]LogPakFile: PakFile PathHashIndexSize=101
[2022.06.14-10.56.45:425][  0]LogPakFile: PakFile FullDirectoryIndexSize=142
[2022.06.14-10.56.45:425][  0]LogShaderLibrary: Display: ShaderCodeLibraryPakFileMountedCallback: PakFile 'F:/UE_4.27/FeaturePacks/TP_PuzzleBP.upack' (chunk index -1, root 'root:/') mounted
[2022.06.14-10.56.45:425][  0]LogShaderLibrary: Display: ShaderCodeLibraryPakFileMountedCallback: pending pak file info (ChunkID:-1 Root:root:/ File:F:/UE_4.27/FeaturePacks/TP_PuzzleBP.upack)
[2022.06.14-10.56.45:425][  0]LogPakFile: OnPakFileMounted2Time == 0.000044
[2022.06.14-10.56.45:426][  0]LogPakFile: PakFile PrimaryIndexSize=183
[2022.06.14-10.56.45:426][  0]LogPakFile: PakFile PathHashIndexSize=101
[2022.06.14-10.56.45:426][  0]LogPakFile: PakFile FullDirectoryIndexSize=140
[2022.06.14-10.56.45:426][  0]LogShaderLibrary: Display: ShaderCodeLibraryPakFileMountedCallback: PakFile 'F:/UE_4.27/FeaturePacks/TP_Rolling.upack' (chunk index -1, root 'root:/') mounted
[2022.06.14-10.56.45:426][  0]LogShaderLibrary: Display: ShaderCodeLibraryPakFileMountedCallback: pending pak file info (ChunkID:-1 Root:root:/ File:F:/UE_4.27/FeaturePacks/TP_Rolling.upack)
[2022.06.14-10.56.45:426][  0]LogPakFile: OnPakFileMounted2Time == 0.000047
[2022.06.14-10.56.45:427][  0]LogPakFile: PakFile PrimaryIndexSize=185
[2022.06.14-10.56.45:427][  0]LogPakFile: PakFile PathHashIndexSize=101
[2022.06.14-10.56.45:427][  0]LogPakFile: PakFile FullDirectoryIndexSize=144
[2022.06.14-10.56.45:427][  0]LogShaderLibrary: Display: ShaderCodeLibraryPakFileMountedCallback: PakFile 'F:/UE_4.27/FeaturePacks/TP_RollingBP.upack' (chunk index -1, root 'root:/') mounted
[2022.06.14-10.56.45:427][  0]LogShaderLibrary: Display: ShaderCodeLibraryPakFileMountedCallback: pending pak file info (ChunkID:-1 Root:root:/ File:F:/UE_4.27/FeaturePacks/TP_RollingBP.upack)
[2022.06.14-10.56.45:427][  0]LogPakFile: OnPakFileMounted2Time == 0.000051
[2022.06.14-10.56.45:428][  0]LogPakFile: PakFile PrimaryIndexSize=188
[2022.06.14-10.56.45:428][  0]LogPakFile: PakFile PathHashIndexSize=101
[2022.06.14-10.56.45:428][  0]LogPakFile: PakFile FullDirectoryIndexSize=150
[2022.06.14-10.56.45:428][  0]LogShaderLibrary: Display: ShaderCodeLibraryPakFileMountedCallback: PakFile 'F:/UE_4.27/FeaturePacks/TP_SideScroller.upack' (chunk index -1, root 'root:/') mounted
[2022.06.14-10.56.45:428][  0]LogShaderLibrary: Display: ShaderCodeLibraryPakFileMountedCallback: pending pak file info (ChunkID:-1 Root:root:/ File:F:/UE_4.27/FeaturePacks/TP_SideScroller.upack)
[2022.06.14-10.56.45:428][  0]LogPakFile: OnPakFileMounted2Time == 0.000055
[2022.06.14-10.56.45:429][  0]LogPakFile: PakFile PrimaryIndexSize=190
[2022.06.14-10.56.45:429][  0]LogPakFile: PakFile PathHashIndexSize=101
[2022.06.14-10.56.45:429][  0]LogPakFile: PakFile FullDirectoryIndexSize=154
[2022.06.14-10.56.45:429][  0]LogShaderLibrary: Display: ShaderCodeLibraryPakFileMountedCallback: PakFile 'F:/UE_4.27/FeaturePacks/TP_SideScrollerBP.upack' (chunk index -1, root 'root:/') mounted
[2022.06.14-10.56.45:429][  0]LogShaderLibrary: Display: ShaderCodeLibraryPakFileMountedCallback: pending pak file info (ChunkID:-1 Root:root:/ File:F:/UE_4.27/FeaturePacks/TP_SideScrollerBP.upack)
[2022.06.14-10.56.45:429][  0]LogPakFile: OnPakFileMounted2Time == 0.000056
[2022.06.14-10.56.45:430][  0]LogPakFile: PakFile PrimaryIndexSize=187
[2022.06.14-10.56.45:430][  0]LogPakFile: PakFile PathHashIndexSize=101
[2022.06.14-10.56.45:430][  0]LogPakFile: PakFile FullDirectoryIndexSize=148
[2022.06.14-10.56.45:430][  0]LogShaderLibrary: Display: ShaderCodeLibraryPakFileMountedCallback: PakFile 'F:/UE_4.27/FeaturePacks/TP_ThirdPerson.upack' (chunk index -1, root 'root:/') mounted
[2022.06.14-10.56.45:430][  0]LogShaderLibrary: Display: ShaderCodeLibraryPakFileMountedCallback: pending pak file info (ChunkID:-1 Root:root:/ File:F:/UE_4.27/FeaturePacks/TP_ThirdPerson.upack)
[2022.06.14-10.56.45:430][  0]LogPakFile: OnPakFileMounted2Time == 0.000044
[2022.06.14-10.56.45:430][  0]LogPakFile: PakFile PrimaryIndexSize=189
[2022.06.14-10.56.45:430][  0]LogPakFile: PakFile PathHashIndexSize=101
[2022.06.14-10.56.45:430][  0]LogPakFile: PakFile FullDirectoryIndexSize=152
[2022.06.14-10.56.45:430][  0]LogShaderLibrary: Display: ShaderCodeLibraryPakFileMountedCallback: PakFile 'F:/UE_4.27/FeaturePacks/TP_ThirdPersonBP.upack' (chunk index -1, root 'root:/') mounted
[2022.06.14-10.56.45:430][  0]LogShaderLibrary: Display: ShaderCodeLibraryPakFileMountedCallback: pending pak file info (ChunkID:-1 Root:root:/ File:F:/UE_4.27/FeaturePacks/TP_ThirdPersonBP.upack)
[2022.06.14-10.56.45:430][  0]LogPakFile: OnPakFileMounted2Time == 0.000056
[2022.06.14-10.56.45:431][  0]LogPakFile: PakFile PrimaryIndexSize=183
[2022.06.14-10.56.45:431][  0]LogPakFile: PakFile PathHashIndexSize=101
[2022.06.14-10.56.45:431][  0]LogPakFile: PakFile FullDirectoryIndexSize=140
[2022.06.14-10.56.45:431][  0]LogShaderLibrary: Display: ShaderCodeLibraryPakFileMountedCallback: PakFile 'F:/UE_4.27/FeaturePacks/TP_TopDown.upack' (chunk index -1, root 'root:/') mounted
[2022.06.14-10.56.45:431][  0]LogShaderLibrary: Display: ShaderCodeLibraryPakFileMountedCallback: pending pak file info (ChunkID:-1 Root:root:/ File:F:/UE_4.27/FeaturePacks/TP_TopDown.upack)
[2022.06.14-10.56.45:431][  0]LogPakFile: OnPakFileMounted2Time == 0.000056
[2022.06.14-10.56.45:432][  0]LogPakFile: PakFile PrimaryIndexSize=185
[2022.06.14-10.56.45:432][  0]LogPakFile: PakFile PathHashIndexSize=101
[2022.06.14-10.56.45:432][  0]LogPakFile: PakFile FullDirectoryIndexSize=144
[2022.06.14-10.56.45:432][  0]LogShaderLibrary: Display: ShaderCodeLibraryPakFileMountedCallback: PakFile 'F:/UE_4.27/FeaturePacks/TP_TopDownBP.upack' (chunk index -1, root 'root:/') mounted
[2022.06.14-10.56.45:432][  0]LogShaderLibrary: Display: ShaderCodeLibraryPakFileMountedCallback: pending pak file info (ChunkID:-1 Root:root:/ File:F:/UE_4.27/FeaturePacks/TP_TopDownBP.upack)
[2022.06.14-10.56.45:432][  0]LogPakFile: OnPakFileMounted2Time == 0.000039
[2022.06.14-10.56.45:432][  0]LogPakFile: PakFile PrimaryIndexSize=185
[2022.06.14-10.56.45:433][  0]LogPakFile: PakFile PathHashIndexSize=101
[2022.06.14-10.56.45:433][  0]LogPakFile: PakFile FullDirectoryIndexSize=144
[2022.06.14-10.56.45:433][  0]LogShaderLibrary: Display: ShaderCodeLibraryPakFileMountedCallback: PakFile 'F:/UE_4.27/FeaturePacks/TP_TwinStick.upack' (chunk index -1, root 'root:/') mounted
[2022.06.14-10.56.45:433][  0]LogShaderLibrary: Display: ShaderCodeLibraryPakFileMountedCallback: pending pak file info (ChunkID:-1 Root:root:/ File:F:/UE_4.27/FeaturePacks/TP_TwinStick.upack)
[2022.06.14-10.56.45:433][  0]LogPakFile: OnPakFileMounted2Time == 0.000038
[2022.06.14-10.56.45:433][  0]LogPakFile: PakFile PrimaryIndexSize=187
[2022.06.14-10.56.45:433][  0]LogPakFile: PakFile PathHashIndexSize=101
[2022.06.14-10.56.45:433][  0]LogPakFile: PakFile FullDirectoryIndexSize=148
[2022.06.14-10.56.45:433][  0]LogShaderLibrary: Display: ShaderCodeLibraryPakFileMountedCallback: PakFile 'F:/UE_4.27/FeaturePacks/TP_TwinStickBP.upack' (chunk index -1, root 'root:/') mounted
[2022.06.14-10.56.45:433][  0]LogShaderLibrary: Display: ShaderCodeLibraryPakFileMountedCallback: pending pak file info (ChunkID:-1 Root:root:/ File:F:/UE_4.27/FeaturePacks/TP_TwinStickBP.upack)
[2022.06.14-10.56.45:433][  0]LogPakFile: OnPakFileMounted2Time == 0.000042
[2022.06.14-10.56.45:434][  0]LogPakFile: PakFile PrimaryIndexSize=183
[2022.06.14-10.56.45:434][  0]LogPakFile: PakFile PathHashIndexSize=101
[2022.06.14-10.56.45:434][  0]LogPakFile: PakFile FullDirectoryIndexSize=140
[2022.06.14-10.56.45:434][  0]LogShaderLibrary: Display: ShaderCodeLibraryPakFileMountedCallback: PakFile 'F:/UE_4.27/FeaturePacks/TP_Vehicle.upack' (chunk index -1, root 'root:/') mounted
[2022.06.14-10.56.45:434][  0]LogShaderLibrary: Display: ShaderCodeLibraryPakFileMountedCallback: pending pak file info (ChunkID:-1 Root:root:/ File:F:/UE_4.27/FeaturePacks/TP_Vehicle.upack)
[2022.06.14-10.56.45:434][  0]LogPakFile: OnPakFileMounted2Time == 0.000037
[2022.06.14-10.56.45:435][  0]LogPakFile: PakFile PrimaryIndexSize=186
[2022.06.14-10.56.45:435][  0]LogPakFile: PakFile PathHashIndexSize=101
[2022.06.14-10.56.45:435][  0]LogPakFile: PakFile FullDirectoryIndexSize=146
[2022.06.14-10.56.45:435][  0]LogShaderLibrary: Display: ShaderCodeLibraryPakFileMountedCallback: PakFile 'F:/UE_4.27/FeaturePacks/TP_VehicleAdv.upack' (chunk index -1, root 'root:/') mounted
[2022.06.14-10.56.45:435][  0]LogShaderLibrary: Display: ShaderCodeLibraryPakFileMountedCallback: pending pak file info (ChunkID:-1 Root:root:/ File:F:/UE_4.27/FeaturePacks/TP_VehicleAdv.upack)
[2022.06.14-10.56.45:435][  0]LogPakFile: OnPakFileMounted2Time == 0.000047
[2022.06.14-10.56.45:435][  0]LogPakFile: PakFile PrimaryIndexSize=188
[2022.06.14-10.56.45:435][  0]LogPakFile: PakFile PathHashIndexSize=101
[2022.06.14-10.56.45:435][  0]LogPakFile: PakFile FullDirectoryIndexSize=150
[2022.06.14-10.56.45:435][  0]LogShaderLibrary: Display: ShaderCodeLibraryPakFileMountedCallback: PakFile 'F:/UE_4.27/FeaturePacks/TP_VehicleAdvBP.upack' (chunk index -1, root 'root:/') mounted
[2022.06.14-10.56.45:435][  0]LogShaderLibrary: Display: ShaderCodeLibraryPakFileMountedCallback: pending pak file info (ChunkID:-1 Root:root:/ File:F:/UE_4.27/FeaturePacks/TP_VehicleAdvBP.upack)
[2022.06.14-10.56.45:435][  0]LogPakFile: OnPakFileMounted2Time == 0.000038
[2022.06.14-10.56.45:436][  0]LogPakFile: PakFile PrimaryIndexSize=185
[2022.06.14-10.56.45:436][  0]LogPakFile: PakFile PathHashIndexSize=101
[2022.06.14-10.56.45:436][  0]LogPakFile: PakFile FullDirectoryIndexSize=144
[2022.06.14-10.56.45:436][  0]LogShaderLibrary: Display: ShaderCodeLibraryPakFileMountedCallback: PakFile 'F:/UE_4.27/FeaturePacks/TP_VehicleBP.upack' (chunk index -1, root 'root:/') mounted
[2022.06.14-10.56.45:436][  0]LogShaderLibrary: Display: ShaderCodeLibraryPakFileMountedCallback: pending pak file info (ChunkID:-1 Root:root:/ File:F:/UE_4.27/FeaturePacks/TP_VehicleBP.upack)
[2022.06.14-10.56.45:436][  0]LogPakFile: OnPakFileMounted2Time == 0.000038
[2022.06.14-10.56.45:437][  0]LogPakFile: PakFile PrimaryIndexSize=192
[2022.06.14-10.56.45:437][  0]LogPakFile: PakFile PathHashIndexSize=101
[2022.06.14-10.56.45:437][  0]LogPakFile: PakFile FullDirectoryIndexSize=158
[2022.06.14-10.56.45:437][  0]LogShaderLibrary: Display: ShaderCodeLibraryPakFileMountedCallback: PakFile 'F:/UE_4.27/FeaturePacks/TP_VirtualRealityBP.upack' (chunk index -1, root 'root:/') mounted
[2022.06.14-10.56.45:437][  0]LogShaderLibrary: Display: ShaderCodeLibraryPakFileMountedCallback: pending pak file info (ChunkID:-1 Root:root:/ File:F:/UE_4.27/FeaturePacks/TP_VirtualRealityBP.upack)
[2022.06.14-10.56.45:437][  0]LogPakFile: OnPakFileMounted2Time == 0.000037
[2022.06.14-10.56.45:499][  0]LogNativeClassHierarchy: Verbose: Native class hierarchy updated for 'AddContentDialog' in 0.0004 seconds. Added 0 classes and 0 folders.
[2022.06.14-10.56.45:506][  0]LogNativeClassHierarchy: Verbose: Native class hierarchy updated for 'SceneOutliner' in 0.0004 seconds. Added 2 classes and 0 folders.
[2022.06.14-10.56.45:592][  0]LogNativeClassHierarchy: Verbose: Native class hierarchy updated for 'WorldBrowser' in 0.0004 seconds. Added 2 classes and 3 folders.
[2022.06.14-10.56.45:627][  0]LogSlate: Took 0.000271 seconds to synchronously load lazily loaded font '../../../Engine/Content/Slate/Fonts/Roboto-Regular.ttf' (155K)
[2022.06.14-10.56.45:629][  0]LogSlate: Took 0.000382 seconds to synchronously load lazily loaded font '../../../Engine/Content/Editor/Slate/Fonts/FontAwesome.ttf' (139K)
[2022.06.14-10.56.45:630][  0]LogSlate: Took 0.000202 seconds to synchronously load lazily loaded font '../../../Engine/Content/Slate/Fonts/Roboto-Bold.ttf' (160K)
[2022.06.14-10.56.45:741][  0]LogRenderer: Reallocating scene render targets to support 1036x532 Format 10 NumSamples 1 (Frame:1).
[2022.06.14-10.56.45:982][  0]LogNativeClassHierarchy: Verbose: Native class hierarchy updated for 'HierarchicalLODOutliner' in 0.0004 seconds. Added 0 classes and 0 folders.
[2022.06.14-10.56.45:982][  0]LogLoad: (Engine Initialization) Total time: 11.23 seconds
[2022.06.14-10.56.45:982][  0]LogLoad: (Engine Initialization) Total Blueprint compile time: 0.00 seconds
[2022.06.14-10.56.46:078][  0]LogContentStreaming: Texture pool size now 3000 MB
[2022.06.14-10.56.46:130][  1]LogRenderer: Reallocating scene render targets to support 1036x548 Format 10 NumSamples 1 (Frame:2).
[2022.06.14-10.56.46:146][  1]LogAssetRegistry: Asset discovery search completed in 6.7916 seconds
[2022.06.14-10.56.46:157][  1]LogCollectionManager: Fixed up redirectors for 0 collections in 0.000005 seconds (updated 0 objects)
[2022.06.14-10.56.46:503][  2]LogSlate: Took 0.000225 seconds to synchronously load lazily loaded font '../../../Engine/Content/Slate/Fonts/Roboto-Light.ttf' (167K)
[2022.06.14-10.57.09:510][196]LogUObjectHash: Compacting FUObjectHashTables data took   1.51ms
[2022.06.14-10.57.09:525][196]LogSlate: Took 0.000199 seconds to synchronously load lazily loaded font '../../../Engine/Content/Slate/Fonts/Roboto-Light.ttf' (167K)
[2022.06.14-10.57.09:599][196]LogProperty: Error: FStructProperty::Serialize Loading: Property 'StructProperty /Game/_Game/UMG/Inventory/WBP_InventoryMenu.WBP_InventoryMenu_C:ShowItemInfo:itemData'. Unknown structure.
[2022.06.14-10.57.09:599][196]LogProperty: Error: FStructProperty::Serialize Loading: Property 'StructProperty /Game/_Game/UMG/Inventory/WBP_InventoryMenu.WBP_InventoryMenu_C:ExecuteUbergraph_WBP_InventoryMenu:K2Node_CustomEvent_itemData'. Unknown structure.
[2022.06.14-10.57.09:952][196]LogBlueprint: Warning: USimpleConstructionScript::FixupRootNodeParentReferences() - Couldn't find inherited parent component 'StaticMesh' for 'StaticMesh1' in BlueprintGeneratedClass 'BP_Interaction_Door_C' (it may have been removed)
[2022.06.14-10.57.09:999][196]LogAssetEditorSubsystem: Opening Asset editor for World /Game/_Game/Maps/Level1.Level1
[2022.06.14-10.57.09:999][196]Cmd: MAP LOAD FILE="../../../../SurvivalHorror/Content/_Game/Maps/Level1.umap" TEMPLATE=0 SHOWPROGRESS=1 FEATURELEVEL=3
[2022.06.14-10.57.09:999][196]LightingResults: New page: Lighting Build
[2022.06.14-10.57.09:999][196]LoadErrors: New page: Loading map: Level1.umap
[2022.06.14-10.57.10:000][196]LogWorld: UWorld::CleanupWorld for Untitled_1, bSessionEnded=true, bCleanupResources=true
[2022.06.14-10.57.10:000][196]LogSlate: InvalidateAllWidgets triggered.  All widgets were invalidated
[2022.06.14-10.57.10:001][196]MapCheck: New page: Map Check
[2022.06.14-10.57.10:001][196]LightingResults: New page: Lighting Build
[2022.06.14-10.57.10:006][196]LogAudio: Display: Audio Device unregistered from world 'None'.
[2022.06.14-10.57.10:014][196]LogUObjectHash: Compacting FUObjectHashTables data took   1.53ms
[2022.06.14-10.57.10:015][196]LogAudio: Display: Audio Device (ID: 1) registered with world 'Level1'.
[2022.06.14-10.57.10:129][196]LogEditorServer: Finished looking for orphan Actors (0.000 secs)
[2022.06.14-10.57.10:129][196]LogAIModule: Creating AISystem for world Level1
[2022.06.14-10.57.10:140][196]LogUObjectHash: Compacting FUObjectHashTables data took   1.07ms
[2022.06.14-10.57.10:152][196]Cmd: MAP CHECKDEP NOCLEARLOG
[2022.06.14-10.57.10:152][196]MapCheck: Map check complete: 0 Error(s), 0 Warning(s), took 0.114ms to complete.
[2022.06.14-10.57.10:152][196]LogFileHelpers: Loading map 'Level1' took 0.154
[2022.06.14-10.57.11:032][236]Cmd: OBJ SAVEPACKAGE PACKAGE="/Game/_Game/Maps/Level1" FILE="../../../../SurvivalHorror/Content/_Game/Maps/Level1.umap" SILENT=true AUTOSAVING=false KEEPDIRTY=false
[2022.06.14-10.57.11:040][236]LogUObjectHash: Compacting FUObjectHashTables data took   0.52ms
[2022.06.14-10.57.11:062][236]LogSavePackage: Moving '../../../../SurvivalHorror/Saved/Level17FD7495B455107611FD349825076FF7B.tmp' to '../../../../SurvivalHorror/Content/_Game/Maps/Level1.umap'
[2022.06.14-10.57.11:076][236]Cmd: OBJ SAVEPACKAGE PACKAGE="/Game/_Game/Maps/Level1_BuiltData" FILE="../../../../SurvivalHorror/Content/_Game/Maps/Level1_BuiltData.uasset" SILENT=true
[2022.06.14-10.57.11:138][236]LogSavePackage: Moving '../../../../SurvivalHorror/Saved/Level1_BuiltData6B29FDB64F061CE91BDC268482841DFD.tmp' to '../../../../SurvivalHorror/Content/_Game/Maps/Level1_BuiltData.uasset'
[2022.06.14-10.57.11:149][236]AssetCheck: New page: Asset Save: multiple assets
[2022.06.14-10.57.11:149][236]LogContentValidation: Display: Validating MapBuildDataRegistry /Game/_Game/Maps/Level1_BuiltData.Level1_BuiltData
[2022.06.14-10.57.11:149][236]LogContentValidation: Display: Validating World /Game/_Game/Maps/Level1.Level1
[2022.06.14-10.57.11:350][247]Cmd: OBJ SAVEPACKAGE PACKAGE="/Game/_Game/Maps/Level1" FILE="../../../../SurvivalHorror/Content/_Game/Maps/Level1.umap" SILENT=true AUTOSAVING=false KEEPDIRTY=false
[2022.06.14-10.57.11:355][247]LogUObjectHash: Compacting FUObjectHashTables data took   0.38ms
[2022.06.14-10.57.11:387][247]LogSavePackage: Moving '../../../../SurvivalHorror/Saved/Level1F2A430344D629051108D75AF67C0A705.tmp' to '../../../../SurvivalHorror/Content/_Game/Maps/Level1.umap'
[2022.06.14-10.57.11:401][247]Cmd: OBJ SAVEPACKAGE PACKAGE="/Game/_Game/Maps/Level1_BuiltData" FILE="../../../../SurvivalHorror/Content/_Game/Maps/Level1_BuiltData.uasset" SILENT=true
[2022.06.14-10.57.11:448][247]LogSavePackage: Moving '../../../../SurvivalHorror/Saved/Level1_BuiltData5DEA57B7451D4194E55E9DB2DD4E61EE.tmp' to '../../../../SurvivalHorror/Content/_Game/Maps/Level1_BuiltData.uasset'
[2022.06.14-10.57.11:457][247]AssetCheck: New page: Asset Save: multiple assets
[2022.06.14-10.57.11:457][247]LogContentValidation: Display: Validating MapBuildDataRegistry /Game/_Game/Maps/Level1_BuiltData.Level1_BuiltData
[2022.06.14-10.57.11:457][247]LogContentValidation: Display: Validating World /Game/_Game/Maps/Level1.Level1
[2022.06.14-10.57.11:723][261]Cmd: OBJ SAVEPACKAGE PACKAGE="/Game/_Game/Maps/Level1" FILE="../../../../SurvivalHorror/Content/_Game/Maps/Level1.umap" SILENT=true AUTOSAVING=false KEEPDIRTY=false
[2022.06.14-10.57.11:729][261]LogUObjectHash: Compacting FUObjectHashTables data took   0.38ms
[2022.06.14-10.57.11:751][261]LogSavePackage: Moving '../../../../SurvivalHorror/Saved/Level1B1861C8D42AD52C0A44E79B352E6D662.tmp' to '../../../../SurvivalHorror/Content/_Game/Maps/Level1.umap'
[2022.06.14-10.57.11:765][261]Cmd: OBJ SAVEPACKAGE PACKAGE="/Game/_Game/Maps/Level1_BuiltData" FILE="../../../../SurvivalHorror/Content/_Game/Maps/Level1_BuiltData.uasset" SILENT=true
[2022.06.14-10.57.11:813][261]LogSavePackage: Moving '../../../../SurvivalHorror/Saved/Level1_BuiltData533ABD594E684F81A7536399B84F3BCF.tmp' to '../../../../SurvivalHorror/Content/_Game/Maps/Level1_BuiltData.uasset'
[2022.06.14-10.57.11:821][261]AssetCheck: New page: Asset Save: multiple assets
[2022.06.14-10.57.11:821][261]LogContentValidation: Display: Validating MapBuildDataRegistry /Game/_Game/Maps/Level1_BuiltData.Level1_BuiltData
[2022.06.14-10.57.11:821][261]LogContentValidation: Display: Validating World /Game/_Game/Maps/Level1.Level1
[2022.06.14-10.57.12:029][269]Cmd: OBJ SAVEPACKAGE PACKAGE="/Game/_Game/Maps/Level1" FILE="../../../../SurvivalHorror/Content/_Game/Maps/Level1.umap" SILENT=true AUTOSAVING=false KEEPDIRTY=false
[2022.06.14-10.57.12:036][269]LogUObjectHash: Compacting FUObjectHashTables data took   0.38ms
[2022.06.14-10.57.12:059][269]LogSavePackage: Moving '../../../../SurvivalHorror/Saved/Level1553032464686B043982871B75426DDCC.tmp' to '../../../../SurvivalHorror/Content/_Game/Maps/Level1.umap'
[2022.06.14-10.57.12:073][269]Cmd: OBJ SAVEPACKAGE PACKAGE="/Game/_Game/Maps/Level1_BuiltData" FILE="../../../../SurvivalHorror/Content/_Game/Maps/Level1_BuiltData.uasset" SILENT=true
[2022.06.14-10.57.12:119][269]LogSavePackage: Moving '../../../../SurvivalHorror/Saved/Level1_BuiltData153394E24C75415947F6C3963C92C948.tmp' to '../../../../SurvivalHorror/Content/_Game/Maps/Level1_BuiltData.uasset'
[2022.06.14-10.57.12:127][269]AssetCheck: New page: Asset Save: multiple assets
[2022.06.14-10.57.12:127][269]LogContentValidation: Display: Validating MapBuildDataRegistry /Game/_Game/Maps/Level1_BuiltData.Level1_BuiltData
[2022.06.14-10.57.12:127][269]LogContentValidation: Display: Validating World /Game/_Game/Maps/Level1.Level1
